2025-11-06 17:49:04,497 - INFO - Device: cuda
2025-11-06 17:49:04,498 - INFO - Loading parquet: hf://datasets/alfiwillianz/hsi/data.parquet
2025-11-06 17:49:06,760 - INFO - HTTP Request: GET https://huggingface.co/api/datasets/alfiwillianz/hsi "HTTP/1.1 200 OK"
2025-11-06 17:49:07,075 - INFO - HTTP Request: GET https://huggingface.co/api/datasets/alfiwillianz/hsi/tree/main?recursive=false&expand=false "HTTP/1.1 200 OK"
2025-11-06 17:49:07,375 - INFO - HTTP Request: GET https://huggingface.co/datasets/alfiwillianz/hsi/resolve/main/data.parquet "HTTP/1.1 302 Found"
2025-11-06 17:49:08,492 - INFO - HTTP Request: GET https://cas-bridge.xethub.hf.co/xet-bridge-us/6900d6f365aebf0523d97dd2/fc696c5c456501bea1046fc668bc814634707b88687c12a2d39cad1379e3e478?X-Amz-Algorithm=AWS4-HMAC-SHA256&X-Amz-Content-Sha256=UNSIGNED-PAYLOAD&X-Amz-Credential=cas%2F20251106%2Fus-east-1%2Fs3%2Faws4_request&X-Amz-Date=20251106T174907Z&X-Amz-Expires=3600&X-Amz-Signature=6bc7e2ca13f49752f07882ae8fd515ea6f1645fd00b7a6a8b815893068049465&X-Amz-SignedHeaders=host&X-Xet-Cas-Uid=public&response-content-disposition=inline%3B+filename*%3DUTF-8%27%27data.parquet%3B+filename%3D%22data.parquet%22%3B&x-id=GetObject&Expires=1762454947&Policy=eyJTdGF0ZW1lbnQiOlt7IkNvbmRpdGlvbiI6eyJEYXRlTGVzc1RoYW4iOnsiQVdTOkVwb2NoVGltZSI6MTc2MjQ1NDk0N319LCJSZXNvdXJjZSI6Imh0dHBzOi8vY2FzLWJyaWRnZS54ZXRodWIuaGYuY28veGV0LWJyaWRnZS11cy82OTAwZDZmMzY1YWViZjA1MjNkOTdkZDIvZmM2OTZjNWM0NTY1MDFiZWExMDQ2ZmM2NjhiYzgxNDYzNDcwN2I4ODY4N2MxMmEyZDM5Y2FkMTM3OWUzZTQ3OCoifV19&Signature=aXkw75rARcGCs4cCiyN1rDk%7EY6ThUseCslRyrvmqV5QatcYo8syR10MbOMkFRNmTl3lR54Iez6dM5PxZb9wS5ITc5Kbmz4A-rRfGAQIMeXvVphsO0dnfbcIQInRamhSnm9oHgWV8gwS5MaoGr2uZ8TIsO5zC5PVm0t8nCQNgTPO04FXKfcMyG2l7-jAt2yBXnpjPQ0zqF5ZttlSEX-bUxNh60YfIEA6yMpgWo3%7EoUXVx3SsY-qbuKZrFPQ6jKiNF5GZCNCamsK1nrHUjEjc-zolsykqCArWryhukFnWem%7Ek43sukJkk7UhKl-VUoCQhfs95TB0tQPV7%7EdANcRYGkWA__&Key-Pair-Id=K2L8F4GPSG1IFC "HTTP/1.1 206 Partial Content"
2025-11-06 17:49:08,792 - INFO - HTTP Request: GET https://huggingface.co/datasets/alfiwillianz/hsi/resolve/main/data.parquet "HTTP/1.1 302 Found"
2025-11-06 17:49:09,000 - INFO - HTTP Request: GET https://cas-bridge.xethub.hf.co/xet-bridge-us/6900d6f365aebf0523d97dd2/fc696c5c456501bea1046fc668bc814634707b88687c12a2d39cad1379e3e478?X-Amz-Algorithm=AWS4-HMAC-SHA256&X-Amz-Content-Sha256=UNSIGNED-PAYLOAD&X-Amz-Credential=cas%2F20251106%2Fus-east-1%2Fs3%2Faws4_request&X-Amz-Date=20251106T174908Z&X-Amz-Expires=3600&X-Amz-Signature=052d88bca7bad0720856308eaa13472e2f39eb9dca914dc8e074c93714f9d139&X-Amz-SignedHeaders=host&X-Xet-Cas-Uid=public&response-content-disposition=inline%3B+filename*%3DUTF-8%27%27data.parquet%3B+filename%3D%22data.parquet%22%3B&x-id=GetObject&Expires=1762454948&Policy=eyJTdGF0ZW1lbnQiOlt7IkNvbmRpdGlvbiI6eyJEYXRlTGVzc1RoYW4iOnsiQVdTOkVwb2NoVGltZSI6MTc2MjQ1NDk0OH19LCJSZXNvdXJjZSI6Imh0dHBzOi8vY2FzLWJyaWRnZS54ZXRodWIuaGYuY28veGV0LWJyaWRnZS11cy82OTAwZDZmMzY1YWViZjA1MjNkOTdkZDIvZmM2OTZjNWM0NTY1MDFiZWExMDQ2ZmM2NjhiYzgxNDYzNDcwN2I4ODY4N2MxMmEyZDM5Y2FkMTM3OWUzZTQ3OCoifV19&Signature=X2EHNfLM9moT7SONF6Ka8MtFV1SH6Y0y25PobwcP62GkmC8YSuXedHS3Z%7E3M16Y7TdSjhWfUvukOZD%7Ek3aqglNL-zIwECagoovDLOvHl1jxWmhakrWaNBU4wc5Po6U6Dw4tJsDpwQIZRGQ5G6ucZMwsOlBnAypzjSZv3YVETTh2ORM2deIZNNdmM7OALA5VK-KRwlVNoycvlUwDT2cK24VLLQYb4BvP4Qzges%7E1%7EpAAgWlBcDh4C1hBhLJK3SqVisIboBHAsCouEOEbU2d6hfr-bZJ-47-7lOAbJpQz35ipSMHSWrbge0uoVIbu6GE1sL5HXK2A3gBD-MJjkHXLgrw__&Key-Pair-Id=K2L8F4GPSG1IFC "HTTP/1.1 206 Partial Content"
2025-11-06 17:49:09,397 - INFO - HTTP Request: GET https://huggingface.co/datasets/alfiwillianz/hsi/resolve/main/data.parquet "HTTP/1.1 302 Found"
2025-11-06 17:49:09,603 - INFO - HTTP Request: GET https://cas-bridge.xethub.hf.co/xet-bridge-us/6900d6f365aebf0523d97dd2/fc696c5c456501bea1046fc668bc814634707b88687c12a2d39cad1379e3e478?X-Amz-Algorithm=AWS4-HMAC-SHA256&X-Amz-Content-Sha256=UNSIGNED-PAYLOAD&X-Amz-Credential=cas%2F20251106%2Fus-east-1%2Fs3%2Faws4_request&X-Amz-Date=20251106T174909Z&X-Amz-Expires=3600&X-Amz-Signature=4bacc334cc1f059e0a6c8c80731c2025e5fb95442bb54ca96b948c0be36897e6&X-Amz-SignedHeaders=host&X-Xet-Cas-Uid=public&response-content-disposition=inline%3B+filename*%3DUTF-8%27%27data.parquet%3B+filename%3D%22data.parquet%22%3B&x-id=GetObject&Expires=1762454949&Policy=eyJTdGF0ZW1lbnQiOlt7IkNvbmRpdGlvbiI6eyJEYXRlTGVzc1RoYW4iOnsiQVdTOkVwb2NoVGltZSI6MTc2MjQ1NDk0OX19LCJSZXNvdXJjZSI6Imh0dHBzOi8vY2FzLWJyaWRnZS54ZXRodWIuaGYuY28veGV0LWJyaWRnZS11cy82OTAwZDZmMzY1YWViZjA1MjNkOTdkZDIvZmM2OTZjNWM0NTY1MDFiZWExMDQ2ZmM2NjhiYzgxNDYzNDcwN2I4ODY4N2MxMmEyZDM5Y2FkMTM3OWUzZTQ3OCoifV19&Signature=PDvZHPZnCsX8TI2r2Atxvx5UXLgikE9VIqgD6H%7Eq7mTracGLpNNpRC84dXruRdGVO1wo598AjwUDx%7EWrHkQbNmhfvYxSTUPXuM6M-aJOW30%7E48braLDG8q85yKnj-IzksPGgVSxXDxuHfh4%7ECZh0iDn2f2yyaPSiNxBkrW4AeoDRGPHil9LrPiA4bNjjvZRXcphF8qZKCbkwAZfCpeIYRzP1VrTsgEl3WMILLzQgAywcuGuM%7EAe66BUDwR7olCo44FjdiqiVnWbg%7Ew5HhUBVbZvh4xaoellzhLVWEuBlnFtseiY2D2JC8bTdqiO3pOaNLi9yIJOQ4-ziYbJX7WcNrQ__&Key-Pair-Id=K2L8F4GPSG1IFC "HTTP/1.1 206 Partial Content"
2025-11-06 17:49:09,905 - INFO - HTTP Request: GET https://huggingface.co/datasets/alfiwillianz/hsi/resolve/main/data.parquet "HTTP/1.1 302 Found"
2025-11-06 17:49:10,114 - INFO - HTTP Request: GET https://cas-bridge.xethub.hf.co/xet-bridge-us/6900d6f365aebf0523d97dd2/fc696c5c456501bea1046fc668bc814634707b88687c12a2d39cad1379e3e478?X-Amz-Algorithm=AWS4-HMAC-SHA256&X-Amz-Content-Sha256=UNSIGNED-PAYLOAD&X-Amz-Credential=cas%2F20251106%2Fus-east-1%2Fs3%2Faws4_request&X-Amz-Date=20251106T174909Z&X-Amz-Expires=3600&X-Amz-Signature=4bacc334cc1f059e0a6c8c80731c2025e5fb95442bb54ca96b948c0be36897e6&X-Amz-SignedHeaders=host&X-Xet-Cas-Uid=public&response-content-disposition=inline%3B+filename*%3DUTF-8%27%27data.parquet%3B+filename%3D%22data.parquet%22%3B&x-id=GetObject&Expires=1762454949&Policy=eyJTdGF0ZW1lbnQiOlt7IkNvbmRpdGlvbiI6eyJEYXRlTGVzc1RoYW4iOnsiQVdTOkVwb2NoVGltZSI6MTc2MjQ1NDk0OX19LCJSZXNvdXJjZSI6Imh0dHBzOi8vY2FzLWJyaWRnZS54ZXRodWIuaGYuY28veGV0LWJyaWRnZS11cy82OTAwZDZmMzY1YWViZjA1MjNkOTdkZDIvZmM2OTZjNWM0NTY1MDFiZWExMDQ2ZmM2NjhiYzgxNDYzNDcwN2I4ODY4N2MxMmEyZDM5Y2FkMTM3OWUzZTQ3OCoifV19&Signature=PDvZHPZnCsX8TI2r2Atxvx5UXLgikE9VIqgD6H%7Eq7mTracGLpNNpRC84dXruRdGVO1wo598AjwUDx%7EWrHkQbNmhfvYxSTUPXuM6M-aJOW30%7E48braLDG8q85yKnj-IzksPGgVSxXDxuHfh4%7ECZh0iDn2f2yyaPSiNxBkrW4AeoDRGPHil9LrPiA4bNjjvZRXcphF8qZKCbkwAZfCpeIYRzP1VrTsgEl3WMILLzQgAywcuGuM%7EAe66BUDwR7olCo44FjdiqiVnWbg%7Ew5HhUBVbZvh4xaoellzhLVWEuBlnFtseiY2D2JC8bTdqiO3pOaNLi9yIJOQ4-ziYbJX7WcNrQ__&Key-Pair-Id=K2L8F4GPSG1IFC "HTTP/1.1 206 Partial Content"
2025-11-06 17:49:10,505 - INFO - HTTP Request: GET https://huggingface.co/datasets/alfiwillianz/hsi/resolve/main/data.parquet "HTTP/1.1 302 Found"
2025-11-06 17:49:10,713 - INFO - HTTP Request: GET https://cas-bridge.xethub.hf.co/xet-bridge-us/6900d6f365aebf0523d97dd2/fc696c5c456501bea1046fc668bc814634707b88687c12a2d39cad1379e3e478?X-Amz-Algorithm=AWS4-HMAC-SHA256&X-Amz-Content-Sha256=UNSIGNED-PAYLOAD&X-Amz-Credential=cas%2F20251106%2Fus-east-1%2Fs3%2Faws4_request&X-Amz-Date=20251106T174910Z&X-Amz-Expires=3600&X-Amz-Signature=d156bac2b1b0e03d2aa3dfff2bdb016426133b631a9ff500d085c5a1d8243eac&X-Amz-SignedHeaders=host&X-Xet-Cas-Uid=public&response-content-disposition=inline%3B+filename*%3DUTF-8%27%27data.parquet%3B+filename%3D%22data.parquet%22%3B&x-id=GetObject&Expires=1762454950&Policy=eyJTdGF0ZW1lbnQiOlt7IkNvbmRpdGlvbiI6eyJEYXRlTGVzc1RoYW4iOnsiQVdTOkVwb2NoVGltZSI6MTc2MjQ1NDk1MH19LCJSZXNvdXJjZSI6Imh0dHBzOi8vY2FzLWJyaWRnZS54ZXRodWIuaGYuY28veGV0LWJyaWRnZS11cy82OTAwZDZmMzY1YWViZjA1MjNkOTdkZDIvZmM2OTZjNWM0NTY1MDFiZWExMDQ2ZmM2NjhiYzgxNDYzNDcwN2I4ODY4N2MxMmEyZDM5Y2FkMTM3OWUzZTQ3OCoifV19&Signature=JuthaJkfxbPUDP4bvHsDdFJY6T8ayQ-GYNAWh7dhhTTFTJmP0gLsiLjhX2Oy2mK9CSxwo2ft3eaoPMW69bovWjH1m8u1mhoQE3tF4btlsI0BQpj5quM1H4OArFbihEtg3AgWb%7EksiZWjyW4Nol-NGhLfUnNIAxYTzycg62EvJ8Dt8EO5Poew0HOfdsa%7EbMQPcM7awqcqOhHJVqPUn3l7NHz3nnfDgziQpunFvLOjqTelEz4kKbeSposoZQNfKkNWQ3xucfY%7EfhdNjVnAvTGB7UPFR2ZZTt9JBpZ3zYSo1KF-ecwv34AdVU43wzMAdst3zb0xFInDDF3qARCcCWA1tg__&Key-Pair-Id=K2L8F4GPSG1IFC "HTTP/1.1 206 Partial Content"
2025-11-06 17:49:12,671 - INFO - HTTP Request: GET https://huggingface.co/datasets/alfiwillianz/hsi/resolve/main/data.parquet "HTTP/1.1 302 Found"
2025-11-06 17:49:12,876 - INFO - HTTP Request: GET https://cas-bridge.xethub.hf.co/xet-bridge-us/6900d6f365aebf0523d97dd2/fc696c5c456501bea1046fc668bc814634707b88687c12a2d39cad1379e3e478?X-Amz-Algorithm=AWS4-HMAC-SHA256&X-Amz-Content-Sha256=UNSIGNED-PAYLOAD&X-Amz-Credential=cas%2F20251106%2Fus-east-1%2Fs3%2Faws4_request&X-Amz-Date=20251106T174907Z&X-Amz-Expires=3600&X-Amz-Signature=6bc7e2ca13f49752f07882ae8fd515ea6f1645fd00b7a6a8b815893068049465&X-Amz-SignedHeaders=host&X-Xet-Cas-Uid=public&response-content-disposition=inline%3B+filename*%3DUTF-8%27%27data.parquet%3B+filename%3D%22data.parquet%22%3B&x-id=GetObject&Expires=1762454947&Policy=eyJTdGF0ZW1lbnQiOlt7IkNvbmRpdGlvbiI6eyJEYXRlTGVzc1RoYW4iOnsiQVdTOkVwb2NoVGltZSI6MTc2MjQ1NDk0N319LCJSZXNvdXJjZSI6Imh0dHBzOi8vY2FzLWJyaWRnZS54ZXRodWIuaGYuY28veGV0LWJyaWRnZS11cy82OTAwZDZmMzY1YWViZjA1MjNkOTdkZDIvZmM2OTZjNWM0NTY1MDFiZWExMDQ2ZmM2NjhiYzgxNDYzNDcwN2I4ODY4N2MxMmEyZDM5Y2FkMTM3OWUzZTQ3OCoifV19&Signature=aXkw75rARcGCs4cCiyN1rDk%7EY6ThUseCslRyrvmqV5QatcYo8syR10MbOMkFRNmTl3lR54Iez6dM5PxZb9wS5ITc5Kbmz4A-rRfGAQIMeXvVphsO0dnfbcIQInRamhSnm9oHgWV8gwS5MaoGr2uZ8TIsO5zC5PVm0t8nCQNgTPO04FXKfcMyG2l7-jAt2yBXnpjPQ0zqF5ZttlSEX-bUxNh60YfIEA6yMpgWo3%7EoUXVx3SsY-qbuKZrFPQ6jKiNF5GZCNCamsK1nrHUjEjc-zolsykqCArWryhukFnWem%7Ek43sukJkk7UhKl-VUoCQhfs95TB0tQPV7%7EdANcRYGkWA__&Key-Pair-Id=K2L8F4GPSG1IFC "HTTP/1.1 206 Partial Content"
2025-11-06 17:49:14,446 - INFO - HTTP Request: GET https://huggingface.co/datasets/alfiwillianz/hsi/resolve/main/data.parquet "HTTP/1.1 302 Found"
2025-11-06 17:49:14,655 - INFO - HTTP Request: GET https://cas-bridge.xethub.hf.co/xet-bridge-us/6900d6f365aebf0523d97dd2/fc696c5c456501bea1046fc668bc814634707b88687c12a2d39cad1379e3e478?X-Amz-Algorithm=AWS4-HMAC-SHA256&X-Amz-Content-Sha256=UNSIGNED-PAYLOAD&X-Amz-Credential=cas%2F20251106%2Fus-east-1%2Fs3%2Faws4_request&X-Amz-Date=20251106T174914Z&X-Amz-Expires=3600&X-Amz-Signature=f9994f1f9c0b1957a269a76e276674d8e33475cd4f5a1bcbd3cf6c3c22c343be&X-Amz-SignedHeaders=host&X-Xet-Cas-Uid=public&response-content-disposition=inline%3B+filename*%3DUTF-8%27%27data.parquet%3B+filename%3D%22data.parquet%22%3B&x-id=GetObject&Expires=1762454954&Policy=eyJTdGF0ZW1lbnQiOlt7IkNvbmRpdGlvbiI6eyJEYXRlTGVzc1RoYW4iOnsiQVdTOkVwb2NoVGltZSI6MTc2MjQ1NDk1NH19LCJSZXNvdXJjZSI6Imh0dHBzOi8vY2FzLWJyaWRnZS54ZXRodWIuaGYuY28veGV0LWJyaWRnZS11cy82OTAwZDZmMzY1YWViZjA1MjNkOTdkZDIvZmM2OTZjNWM0NTY1MDFiZWExMDQ2ZmM2NjhiYzgxNDYzNDcwN2I4ODY4N2MxMmEyZDM5Y2FkMTM3OWUzZTQ3OCoifV19&Signature=Y2mew1xunmqvrvitru23a6Vk6WraIM5idfBk5nY64YD9Rq2Ru0B5CV8dD9jCZ0j%7EnQiO2wk1s7XU1nzHs6m0F5YqetLuPkXhoYg9Va4RKbcBotmcyPYIkJHK7bWDmIix1v%7EweShlaRQfIXn8nqFlBjz-nhh-3xtxOTsZCaXo1NNqTLzNHSmHaERiqs8ofAWTyy8MhDrhgarwLBXYMEqHN1NrTHm70uGTpbofz0Kj6miP8H4b8gi5dXXYMa3heTJATiLCCFoPVjnYIFfzKk1REyLlh2FZd3zneNNN73gFIwvpQbyFTuie%7Eh2X1whkQLupQKxUuBh7PKNQUaOq0F0tmw__&Key-Pair-Id=K2L8F4GPSG1IFC "HTTP/1.1 206 Partial Content"
2025-11-06 17:49:16,360 - INFO - HTTP Request: GET https://huggingface.co/datasets/alfiwillianz/hsi/resolve/main/data.parquet "HTTP/1.1 302 Found"
2025-11-06 17:49:16,565 - INFO - HTTP Request: GET https://cas-bridge.xethub.hf.co/xet-bridge-us/6900d6f365aebf0523d97dd2/fc696c5c456501bea1046fc668bc814634707b88687c12a2d39cad1379e3e478?X-Amz-Algorithm=AWS4-HMAC-SHA256&X-Amz-Content-Sha256=UNSIGNED-PAYLOAD&X-Amz-Credential=cas%2F20251106%2Fus-east-1%2Fs3%2Faws4_request&X-Amz-Date=20251106T174916Z&X-Amz-Expires=3600&X-Amz-Signature=e1dfb869dd59aa5139fbab32944feb4cbc6ab798a1455b5b908d42e307f59925&X-Amz-SignedHeaders=host&X-Xet-Cas-Uid=public&response-content-disposition=inline%3B+filename*%3DUTF-8%27%27data.parquet%3B+filename%3D%22data.parquet%22%3B&x-id=GetObject&Expires=1762454956&Policy=eyJTdGF0ZW1lbnQiOlt7IkNvbmRpdGlvbiI6eyJEYXRlTGVzc1RoYW4iOnsiQVdTOkVwb2NoVGltZSI6MTc2MjQ1NDk1Nn19LCJSZXNvdXJjZSI6Imh0dHBzOi8vY2FzLWJyaWRnZS54ZXRodWIuaGYuY28veGV0LWJyaWRnZS11cy82OTAwZDZmMzY1YWViZjA1MjNkOTdkZDIvZmM2OTZjNWM0NTY1MDFiZWExMDQ2ZmM2NjhiYzgxNDYzNDcwN2I4ODY4N2MxMmEyZDM5Y2FkMTM3OWUzZTQ3OCoifV19&Signature=ILFVYhyuAGogahl0be9LiK1mz8GXWfdBnvQUIJw6I-TbyE%7ExnPVNWhzPgxtDCad7AtxsfbyWPTsHCuuXGIbizeZdU6x60ECkLKWNVrBd0Z%7EKQeZabHY7LciHYGpo2SrV-DYL1E91SX8wEAOmY6Eq2Dh%7EZdJr4djdazyHISjky9oXiDfoSCz0pLLRuIQq9psO%7EsW%7EXEVFVPuMGDnWdluMvrUv9QLYXwy9%7EtlmdbD0%7Ez1TD5ni5Uf2dUkDGBAUdmLvhgsQ9PK6EBhbbnIOrAAaGiMrgcgMBkZt7Vw39zLoIGxgHBFT4yfbl-4t7BkAcWozzh-dKpBNMVYkiTbCaHF1OA__&Key-Pair-Id=K2L8F4GPSG1IFC "HTTP/1.1 206 Partial Content"
2025-11-06 17:49:17,837 - INFO - HTTP Request: GET https://huggingface.co/datasets/alfiwillianz/hsi/resolve/main/data.parquet "HTTP/1.1 302 Found"
2025-11-06 17:49:18,044 - INFO - HTTP Request: GET https://cas-bridge.xethub.hf.co/xet-bridge-us/6900d6f365aebf0523d97dd2/fc696c5c456501bea1046fc668bc814634707b88687c12a2d39cad1379e3e478?X-Amz-Algorithm=AWS4-HMAC-SHA256&X-Amz-Content-Sha256=UNSIGNED-PAYLOAD&X-Amz-Credential=cas%2F20251106%2Fus-east-1%2Fs3%2Faws4_request&X-Amz-Date=20251106T174917Z&X-Amz-Expires=3600&X-Amz-Signature=2c4c1ea275fe7fdaabaac8bff49f40bf0ae70f0605104015d407669b07a8ade1&X-Amz-SignedHeaders=host&X-Xet-Cas-Uid=public&response-content-disposition=inline%3B+filename*%3DUTF-8%27%27data.parquet%3B+filename%3D%22data.parquet%22%3B&x-id=GetObject&Expires=1762454957&Policy=eyJTdGF0ZW1lbnQiOlt7IkNvbmRpdGlvbiI6eyJEYXRlTGVzc1RoYW4iOnsiQVdTOkVwb2NoVGltZSI6MTc2MjQ1NDk1N319LCJSZXNvdXJjZSI6Imh0dHBzOi8vY2FzLWJyaWRnZS54ZXRodWIuaGYuY28veGV0LWJyaWRnZS11cy82OTAwZDZmMzY1YWViZjA1MjNkOTdkZDIvZmM2OTZjNWM0NTY1MDFiZWExMDQ2ZmM2NjhiYzgxNDYzNDcwN2I4ODY4N2MxMmEyZDM5Y2FkMTM3OWUzZTQ3OCoifV19&Signature=N%7Epfelmd3M5YTLSkOMVXmwcHG90FE26NSDf3psl4e6197rbSAWb%7EGh-aWBRXHaOQWeYhHefNi-zlNkVUtahik3IKzu4codngomS4vebcGuhmxYVGrcYCCTC6qif2Ovy7wLSi3%7EjA-cJuZUN5O7M30%7EZfWrV3qFOzh0aS8kIepaZuAoWOjkALSh7GAXuwQd-W3tZaFoQWjDj2WOO0wKGuwsPTBnPYWJomcgSPHrVLjsuqJ6bg3jJoaHeUDSrQMi5jFc97EIPNo-cRTz8yYX7tqPorHfwSKlXNeL2YVJnsoabQmwFsvRcRXu2nx4XQSWM6hU00b8%7ERNFnJGmlfn4WEXQ__&Key-Pair-Id=K2L8F4GPSG1IFC "HTTP/1.1 206 Partial Content"
2025-11-06 17:49:19,701 - INFO - HTTP Request: GET https://huggingface.co/datasets/alfiwillianz/hsi/resolve/main/data.parquet "HTTP/1.1 302 Found"
2025-11-06 17:49:19,906 - INFO - HTTP Request: GET https://cas-bridge.xethub.hf.co/xet-bridge-us/6900d6f365aebf0523d97dd2/fc696c5c456501bea1046fc668bc814634707b88687c12a2d39cad1379e3e478?X-Amz-Algorithm=AWS4-HMAC-SHA256&X-Amz-Content-Sha256=UNSIGNED-PAYLOAD&X-Amz-Credential=cas%2F20251106%2Fus-east-1%2Fs3%2Faws4_request&X-Amz-Date=20251106T174919Z&X-Amz-Expires=3600&X-Amz-Signature=37176c4ad1b113e111aaa9cd4922c428427867c715bdafec4d2f5853230d3b76&X-Amz-SignedHeaders=host&X-Xet-Cas-Uid=public&response-content-disposition=inline%3B+filename*%3DUTF-8%27%27data.parquet%3B+filename%3D%22data.parquet%22%3B&x-id=GetObject&Expires=1762454959&Policy=eyJTdGF0ZW1lbnQiOlt7IkNvbmRpdGlvbiI6eyJEYXRlTGVzc1RoYW4iOnsiQVdTOkVwb2NoVGltZSI6MTc2MjQ1NDk1OX19LCJSZXNvdXJjZSI6Imh0dHBzOi8vY2FzLWJyaWRnZS54ZXRodWIuaGYuY28veGV0LWJyaWRnZS11cy82OTAwZDZmMzY1YWViZjA1MjNkOTdkZDIvZmM2OTZjNWM0NTY1MDFiZWExMDQ2ZmM2NjhiYzgxNDYzNDcwN2I4ODY4N2MxMmEyZDM5Y2FkMTM3OWUzZTQ3OCoifV19&Signature=lKls0AViPk6sILemAPrlIFp7OQdKrTEoLL2PwkNloixcdWzaU5CTm9h2gZjOwdf6UqoB0WooIombBWBXJ6aGLqbID-ibmT9rPpkl0zEY4MdAyJc97o0UfEPHJqqMvPly53%7ETcy-GZsl80EnXcjsqHYgcxQD7XtNja0K6fi9c7tfqOofid1Om-UvntjlQiil%7E%7Eh7RCdJmydPxlCYvzKDHiIKFMAXp8HKmZjIs%7EBEXd1-0cbzu6VaP-eXES3p3b7lXJWMfGdrVGRRTzEKeAgWoPAe-9LyNF%7E5YZmODu%7EMMiVC6P%7EaYTZ76hhIYE09fYgxOoozOyeXDXa%7E9I%7E2N0JQK7A__&Key-Pair-Id=K2L8F4GPSG1IFC "HTTP/1.1 206 Partial Content"
2025-11-06 17:49:21,352 - INFO - HTTP Request: GET https://huggingface.co/datasets/alfiwillianz/hsi/resolve/main/data.parquet "HTTP/1.1 302 Found"
2025-11-06 17:49:21,558 - INFO - HTTP Request: GET https://cas-bridge.xethub.hf.co/xet-bridge-us/6900d6f365aebf0523d97dd2/fc696c5c456501bea1046fc668bc814634707b88687c12a2d39cad1379e3e478?X-Amz-Algorithm=AWS4-HMAC-SHA256&X-Amz-Content-Sha256=UNSIGNED-PAYLOAD&X-Amz-Credential=cas%2F20251106%2Fus-east-1%2Fs3%2Faws4_request&X-Amz-Date=20251106T174921Z&X-Amz-Expires=3600&X-Amz-Signature=230a649a478fa1238642ccda5434dca36a576fd3c75431ab1960527f1c9e0489&X-Amz-SignedHeaders=host&X-Xet-Cas-Uid=public&response-content-disposition=inline%3B+filename*%3DUTF-8%27%27data.parquet%3B+filename%3D%22data.parquet%22%3B&x-id=GetObject&Expires=1762454961&Policy=eyJTdGF0ZW1lbnQiOlt7IkNvbmRpdGlvbiI6eyJEYXRlTGVzc1RoYW4iOnsiQVdTOkVwb2NoVGltZSI6MTc2MjQ1NDk2MX19LCJSZXNvdXJjZSI6Imh0dHBzOi8vY2FzLWJyaWRnZS54ZXRodWIuaGYuY28veGV0LWJyaWRnZS11cy82OTAwZDZmMzY1YWViZjA1MjNkOTdkZDIvZmM2OTZjNWM0NTY1MDFiZWExMDQ2ZmM2NjhiYzgxNDYzNDcwN2I4ODY4N2MxMmEyZDM5Y2FkMTM3OWUzZTQ3OCoifV19&Signature=CELDTWbokU9jYJ%7ENYD82AgLsL7RtjRvIc%7E%7EKwSMDnU4fRR8Vs%7EPkz6K7trb-iCNKXJDeH%7Eb65RlZT6h%7EClVCBnAtrogPvg4mcYd176rAexEH5oKr7QnnG91EcP-deF3kL8uxUGJiytmamzorx-2DKXV-tZUO3IBtohOG58jGH7tCc6Bt3yEBNDaj3b4WfyT-AUxZ1NtUDlISxeSoJlaZ9z0CIxuv%7EhLi6bM0qfC0zuAl1FjBcmzA0h-vFInBrhAZBv5JtgperRoUT37nR6SS6wZeudCV6mh9YoQQR1qU6HW27JU2NqbV22fgzMC4GswbAmX3wq9uOC%7EuX07BBTck9w__&Key-Pair-Id=K2L8F4GPSG1IFC "HTTP/1.1 206 Partial Content"
2025-11-06 17:49:23,049 - INFO - HTTP Request: GET https://huggingface.co/datasets/alfiwillianz/hsi/resolve/main/data.parquet "HTTP/1.1 302 Found"
2025-11-06 17:49:23,255 - INFO - HTTP Request: GET https://cas-bridge.xethub.hf.co/xet-bridge-us/6900d6f365aebf0523d97dd2/fc696c5c456501bea1046fc668bc814634707b88687c12a2d39cad1379e3e478?X-Amz-Algorithm=AWS4-HMAC-SHA256&X-Amz-Content-Sha256=UNSIGNED-PAYLOAD&X-Amz-Credential=cas%2F20251106%2Fus-east-1%2Fs3%2Faws4_request&X-Amz-Date=20251106T174922Z&X-Amz-Expires=3600&X-Amz-Signature=580506ca1cd7a694e5e3ee73e23c6934e25cc6c5753c945bdf17eff6d7d72d31&X-Amz-SignedHeaders=host&X-Xet-Cas-Uid=public&response-content-disposition=inline%3B+filename*%3DUTF-8%27%27data.parquet%3B+filename%3D%22data.parquet%22%3B&x-id=GetObject&Expires=1762454962&Policy=eyJTdGF0ZW1lbnQiOlt7IkNvbmRpdGlvbiI6eyJEYXRlTGVzc1RoYW4iOnsiQVdTOkVwb2NoVGltZSI6MTc2MjQ1NDk2Mn19LCJSZXNvdXJjZSI6Imh0dHBzOi8vY2FzLWJyaWRnZS54ZXRodWIuaGYuY28veGV0LWJyaWRnZS11cy82OTAwZDZmMzY1YWViZjA1MjNkOTdkZDIvZmM2OTZjNWM0NTY1MDFiZWExMDQ2ZmM2NjhiYzgxNDYzNDcwN2I4ODY4N2MxMmEyZDM5Y2FkMTM3OWUzZTQ3OCoifV19&Signature=p1e9BkHWbX7IMoT-ii4mqtVOZTLLsMcSVfCBy%7ETtAfHqCfR5nWEQrYmA4fHmWaPg3i17DzRjtqdI-xJFOEm5pHjfK6Q%7EoHARenMGAkw5e6o3MaFBYOzMI-HtUmr0fkZDqLL2drgOQgmrSMtYROJPSmjVFw-AGMdg0F818DSl4jyWh3FZAAQKfvdJFmoL0zgLNiI9xQ91KMdSqaZQG2t3XsBVO5xLPVd%7ElVlRhh2KYlIvwQ0md9hXVYzEpT8dBEIdiD6xjWy1GjcoifK52Fds9XfkHZGZa1XJpZUkEJM%7EPqBhd6WWCKYZ38Va0uVQr9tHf7%7E--k%7ErPq3dOg8-yRmiDw__&Key-Pair-Id=K2L8F4GPSG1IFC "HTTP/1.1 206 Partial Content"
2025-11-06 17:49:24,760 - INFO - HTTP Request: GET https://huggingface.co/datasets/alfiwillianz/hsi/resolve/main/data.parquet "HTTP/1.1 302 Found"
2025-11-06 17:49:24,965 - INFO - HTTP Request: GET https://cas-bridge.xethub.hf.co/xet-bridge-us/6900d6f365aebf0523d97dd2/fc696c5c456501bea1046fc668bc814634707b88687c12a2d39cad1379e3e478?X-Amz-Algorithm=AWS4-HMAC-SHA256&X-Amz-Content-Sha256=UNSIGNED-PAYLOAD&X-Amz-Credential=cas%2F20251106%2Fus-east-1%2Fs3%2Faws4_request&X-Amz-Date=20251106T174924Z&X-Amz-Expires=3600&X-Amz-Signature=8fe11baccf3a27a9474890637fe3e7304f5fdbab702f1d8f56e083e38a7e040c&X-Amz-SignedHeaders=host&X-Xet-Cas-Uid=public&response-content-disposition=inline%3B+filename*%3DUTF-8%27%27data.parquet%3B+filename%3D%22data.parquet%22%3B&x-id=GetObject&Expires=1762454964&Policy=eyJTdGF0ZW1lbnQiOlt7IkNvbmRpdGlvbiI6eyJEYXRlTGVzc1RoYW4iOnsiQVdTOkVwb2NoVGltZSI6MTc2MjQ1NDk2NH19LCJSZXNvdXJjZSI6Imh0dHBzOi8vY2FzLWJyaWRnZS54ZXRodWIuaGYuY28veGV0LWJyaWRnZS11cy82OTAwZDZmMzY1YWViZjA1MjNkOTdkZDIvZmM2OTZjNWM0NTY1MDFiZWExMDQ2ZmM2NjhiYzgxNDYzNDcwN2I4ODY4N2MxMmEyZDM5Y2FkMTM3OWUzZTQ3OCoifV19&Signature=AVvIHsyPlNbZqIk1A0H1EWoPsmWh0gG9Sl-miEMhXJm8ZBjlendOp53Kev3UQnwXYYOfeZZK0rN5bE0KRcKybXhwphc2hLzd01aqwZGtMRHoRixaEY8Q%7E91bT4k6iuvBHbZpNrvtydsEZJz0dhfoy0bfXeNMihujmEOd6L0oESv7X0S8xlvN6Y5fyCfMn-UZZD1%7EkvOkTSWoWuu7e4cAduzar34BJwTAUo2xv3d9H71ZEtW8sRdtc53eLN9XQaa5QRK9FqdyLw0TvrWvWlMH1F0vmjI9OfWQjiDWq6P7cIxLwtmc9ZCyUIBCy4dqsV7EGTXv1FxlK7II-3jW-JCAQw__&Key-Pair-Id=K2L8F4GPSG1IFC "HTTP/1.1 206 Partial Content"
2025-11-06 17:49:26,619 - INFO - HTTP Request: GET https://huggingface.co/datasets/alfiwillianz/hsi/resolve/main/data.parquet "HTTP/1.1 302 Found"
2025-11-06 17:49:26,830 - INFO - HTTP Request: GET https://cas-bridge.xethub.hf.co/xet-bridge-us/6900d6f365aebf0523d97dd2/fc696c5c456501bea1046fc668bc814634707b88687c12a2d39cad1379e3e478?X-Amz-Algorithm=AWS4-HMAC-SHA256&X-Amz-Content-Sha256=UNSIGNED-PAYLOAD&X-Amz-Credential=cas%2F20251106%2Fus-east-1%2Fs3%2Faws4_request&X-Amz-Date=20251106T174926Z&X-Amz-Expires=3600&X-Amz-Signature=da4d2f3e99b3bb09588dba5e5aedd7e64e82b9218a3fa72de794a20d23d4c96d&X-Amz-SignedHeaders=host&X-Xet-Cas-Uid=public&response-content-disposition=inline%3B+filename*%3DUTF-8%27%27data.parquet%3B+filename%3D%22data.parquet%22%3B&x-id=GetObject&Expires=1762454966&Policy=eyJTdGF0ZW1lbnQiOlt7IkNvbmRpdGlvbiI6eyJEYXRlTGVzc1RoYW4iOnsiQVdTOkVwb2NoVGltZSI6MTc2MjQ1NDk2Nn19LCJSZXNvdXJjZSI6Imh0dHBzOi8vY2FzLWJyaWRnZS54ZXRodWIuaGYuY28veGV0LWJyaWRnZS11cy82OTAwZDZmMzY1YWViZjA1MjNkOTdkZDIvZmM2OTZjNWM0NTY1MDFiZWExMDQ2ZmM2NjhiYzgxNDYzNDcwN2I4ODY4N2MxMmEyZDM5Y2FkMTM3OWUzZTQ3OCoifV19&Signature=concsT6YwIL5F-kGtEewXXkhmqkfwIyxWTtcSAYNodRJnPmqfRYeOLRFvpSd4uTCSjZshzkpVCQjf-Q3cs8fQYB8CJ2RENh-O8GMqVpxujQmBXQydIAmLzotWlsL38wWZ4kdI%7EYKJaoe-iQhK9qA7GQ%7E5m9xexdO27ktsoI0fgEe1aTMbXwCM2LrTCK2zl95iCnf8aHiTOjsiooJ0fi5fyzDRON%7Erx4gZoERkHmy5%7EWIgy4aO1Cr7w%7Eeb-96whg2PYsnE390PFQFQyTDY9d7gCAVi6k32eZqfWaowp88HTGX4b-nzmmbTDFlrxJ%7Edp42lXzr2LY8nBRjTr6jO007%7EA__&Key-Pair-Id=K2L8F4GPSG1IFC "HTTP/1.1 206 Partial Content"
2025-11-06 17:49:28,764 - INFO - HTTP Request: GET https://huggingface.co/datasets/alfiwillianz/hsi/resolve/main/data.parquet "HTTP/1.1 302 Found"
2025-11-06 17:49:28,970 - INFO - HTTP Request: GET https://cas-bridge.xethub.hf.co/xet-bridge-us/6900d6f365aebf0523d97dd2/fc696c5c456501bea1046fc668bc814634707b88687c12a2d39cad1379e3e478?X-Amz-Algorithm=AWS4-HMAC-SHA256&X-Amz-Content-Sha256=UNSIGNED-PAYLOAD&X-Amz-Credential=cas%2F20251106%2Fus-east-1%2Fs3%2Faws4_request&X-Amz-Date=20251106T174928Z&X-Amz-Expires=3600&X-Amz-Signature=eee9d21ed16e2829e02169cecf792361c40e7c3d030c391cfc011a3a2d30905a&X-Amz-SignedHeaders=host&X-Xet-Cas-Uid=public&response-content-disposition=inline%3B+filename*%3DUTF-8%27%27data.parquet%3B+filename%3D%22data.parquet%22%3B&x-id=GetObject&Expires=1762454968&Policy=eyJTdGF0ZW1lbnQiOlt7IkNvbmRpdGlvbiI6eyJEYXRlTGVzc1RoYW4iOnsiQVdTOkVwb2NoVGltZSI6MTc2MjQ1NDk2OH19LCJSZXNvdXJjZSI6Imh0dHBzOi8vY2FzLWJyaWRnZS54ZXRodWIuaGYuY28veGV0LWJyaWRnZS11cy82OTAwZDZmMzY1YWViZjA1MjNkOTdkZDIvZmM2OTZjNWM0NTY1MDFiZWExMDQ2ZmM2NjhiYzgxNDYzNDcwN2I4ODY4N2MxMmEyZDM5Y2FkMTM3OWUzZTQ3OCoifV19&Signature=ObjV%7EktTADgSXQ58Ida-iwV7a64XvxrhSEYbFq-OGmjbnn30hMokpXqR-HerchXHSTMOWJr1u4wU9NCfgenZ8EJhUlj%7Eem9McMHHb6SlEHzJ7N2KZQ40Bv%7E6821%7ERjO3ZUxpHrjtty-%7EPXsAF6sou03NEIo1J2bChLWSnJx5HPHO6nzaQ5HJKpq2WgkiaeQPTpACyGIxGfM%7E4ri397G40WN4yg0RBLlCLE54NR01nlT64aKyWQTx3mfxrEF3qLr270u-Qx4egR17-zBx2Rx0H2Pd2BMl2%7EvcC0wXt-Nd6i8Le7VUKloUB9do6%7EH9iND8ZXpNuwM8KUDjAUo2vncwRw__&Key-Pair-Id=K2L8F4GPSG1IFC "HTTP/1.1 206 Partial Content"
2025-11-06 17:49:32,346 - INFO - 
===== HEAD: ATTN =====
2025-11-06 17:49:32,368 - INFO - 
Fold 1/3
2025-11-06 17:49:47,148 - INFO - Epoch 001 | TrainLoss 0.6046 Acc 45.61% | ValLoss 0.5557 F1 0.2927 Acc 0.46%
2025-11-06 17:49:53,900 - INFO - Epoch 002 | TrainLoss 0.5396 Acc 46.09% | ValLoss 0.5187 F1 0.3232 Acc 0.47%
2025-11-06 17:49:59,028 - INFO - Epoch 003 | TrainLoss 0.5141 Acc 46.66% | ValLoss 0.5034 F1 0.3247 Acc 0.47%
2025-11-06 17:50:04,558 - INFO - Epoch 004 | TrainLoss 0.5017 Acc 47.48% | ValLoss 0.4898 F1 0.3485 Acc 0.47%
2025-11-06 17:50:09,381 - INFO - Epoch 005 | TrainLoss 0.4945 Acc 47.93% | ValLoss 0.4867 F1 0.4111 Acc 0.48%
2025-11-06 17:50:14,200 - INFO - Epoch 006 | TrainLoss 0.4840 Acc 48.68% | ValLoss 0.4878 F1 0.4415 Acc 0.50%
2025-11-06 17:50:19,526 - INFO - Epoch 007 | TrainLoss 0.4746 Acc 49.59% | ValLoss 0.4660 F1 0.4138 Acc 0.49%
2025-11-06 17:50:25,639 - INFO - Epoch 008 | TrainLoss 0.4679 Acc 50.01% | ValLoss 0.4689 F1 0.4351 Acc 0.49%
2025-11-06 17:50:30,033 - INFO - Epoch 009 | TrainLoss 0.4657 Acc 50.84% | ValLoss 0.4623 F1 0.4136 Acc 0.49%
2025-11-06 17:50:34,294 - INFO - Epoch 010 | TrainLoss 0.4623 Acc 51.07% | ValLoss 0.4650 F1 0.4447 Acc 0.50%
2025-11-06 17:50:38,237 - INFO - Epoch 011 | TrainLoss 0.4565 Acc 51.18% | ValLoss 0.4562 F1 0.4579 Acc 0.51%
2025-11-06 17:50:42,583 - INFO - Epoch 012 | TrainLoss 0.4524 Acc 51.39% | ValLoss 0.4540 F1 0.4401 Acc 0.51%
2025-11-06 17:50:47,790 - INFO - Epoch 013 | TrainLoss 0.4501 Acc 51.95% | ValLoss 0.4481 F1 0.4721 Acc 0.52%
2025-11-06 17:50:53,428 - INFO - Epoch 014 | TrainLoss 0.4454 Acc 52.24% | ValLoss 0.4517 F1 0.4751 Acc 0.51%
2025-11-06 17:50:59,187 - INFO - Epoch 015 | TrainLoss 0.4431 Acc 52.57% | ValLoss 0.4478 F1 0.5022 Acc 0.51%
2025-11-06 17:51:03,397 - INFO - Epoch 016 | TrainLoss 0.4401 Acc 53.34% | ValLoss 0.4393 F1 0.4867 Acc 0.53%
2025-11-06 17:51:08,567 - INFO - Epoch 017 | TrainLoss 0.4369 Acc 53.40% | ValLoss 0.4419 F1 0.4737 Acc 0.52%
2025-11-06 17:51:13,851 - INFO - Epoch 018 | TrainLoss 0.4335 Acc 53.56% | ValLoss 0.4355 F1 0.5100 Acc 0.52%
2025-11-06 17:51:18,640 - INFO - Epoch 019 | TrainLoss 0.4304 Acc 54.19% | ValLoss 0.4320 F1 0.5027 Acc 0.53%
2025-11-06 17:51:22,571 - INFO - Epoch 020 | TrainLoss 0.4279 Acc 54.74% | ValLoss 0.4311 F1 0.5093 Acc 0.54%
2025-11-06 17:51:28,492 - INFO - Epoch 021 | TrainLoss 0.4253 Acc 54.99% | ValLoss 0.4308 F1 0.4905 Acc 0.53%
2025-11-06 17:51:33,410 - INFO - Epoch 022 | TrainLoss 0.4232 Acc 55.32% | ValLoss 0.4366 F1 0.5205 Acc 0.52%
2025-11-06 17:51:38,446 - INFO - Epoch 023 | TrainLoss 0.4215 Acc 55.18% | ValLoss 0.4252 F1 0.4871 Acc 0.54%
2025-11-06 17:51:43,662 - INFO - Epoch 024 | TrainLoss 0.4192 Acc 55.52% | ValLoss 0.4265 F1 0.5012 Acc 0.54%
2025-11-06 17:51:48,770 - INFO - Epoch 025 | TrainLoss 0.4171 Acc 55.65% | ValLoss 0.4256 F1 0.4974 Acc 0.54%
2025-11-06 17:51:53,941 - INFO - Epoch 026 | TrainLoss 0.4112 Acc 56.18% | ValLoss 0.4253 F1 0.5196 Acc 0.54%
2025-11-06 17:51:58,136 - INFO - Epoch 027 | TrainLoss 0.4104 Acc 56.68% | ValLoss 0.4254 F1 0.5182 Acc 0.54%
2025-11-06 17:52:02,884 - INFO - Epoch 028 | TrainLoss 0.4085 Acc 56.79% | ValLoss 0.4178 F1 0.5302 Acc 0.54%
2025-11-06 17:52:07,170 - INFO - Epoch 029 | TrainLoss 0.4062 Acc 57.31% | ValLoss 0.4131 F1 0.5310 Acc 0.55%
2025-11-06 17:52:12,034 - INFO - Epoch 030 | TrainLoss 0.4051 Acc 56.84% | ValLoss 0.4164 F1 0.5281 Acc 0.53%
2025-11-06 17:52:17,447 - INFO - Epoch 031 | TrainLoss 0.4011 Acc 57.21% | ValLoss 0.4193 F1 0.5090 Acc 0.55%
2025-11-06 17:52:23,860 - INFO - Epoch 032 | TrainLoss 0.3929 Acc 58.22% | ValLoss 0.4264 F1 0.5064 Acc 0.55%
2025-11-06 17:52:29,019 - INFO - Epoch 033 | TrainLoss 0.3972 Acc 57.97% | ValLoss 0.4079 F1 0.5369 Acc 0.56%
2025-11-06 17:52:33,635 - INFO - Epoch 034 | TrainLoss 0.3967 Acc 57.53% | ValLoss 0.4209 F1 0.5239 Acc 0.56%
2025-11-06 17:52:38,802 - INFO - Epoch 035 | TrainLoss 0.3913 Acc 58.17% | ValLoss 0.4209 F1 0.5127 Acc 0.55%
2025-11-06 17:52:44,170 - INFO - Epoch 036 | TrainLoss 0.3876 Acc 58.96% | ValLoss 0.4069 F1 0.5477 Acc 0.57%
2025-11-06 17:52:50,465 - INFO - Epoch 037 | TrainLoss 0.3871 Acc 59.36% | ValLoss 0.4123 F1 0.5245 Acc 0.56%
2025-11-06 17:52:56,626 - INFO - Epoch 038 | TrainLoss 0.3874 Acc 59.08% | ValLoss 0.4043 F1 0.5329 Acc 0.56%
2025-11-06 17:53:02,373 - INFO - Epoch 039 | TrainLoss 0.3832 Acc 59.40% | ValLoss 0.4132 F1 0.5455 Acc 0.54%
2025-11-06 17:53:06,938 - INFO - Epoch 040 | TrainLoss 0.3822 Acc 59.31% | ValLoss 0.4053 F1 0.5298 Acc 0.57%
2025-11-06 17:53:11,489 - INFO - Epoch 041 | TrainLoss 0.3804 Acc 59.53% | ValLoss 0.4099 F1 0.5097 Acc 0.56%
2025-11-06 17:53:16,514 - INFO - Epoch 042 | TrainLoss 0.3748 Acc 60.61% | ValLoss 0.4117 F1 0.5477 Acc 0.56%
2025-11-06 17:53:21,141 - INFO - Epoch 043 | TrainLoss 0.3776 Acc 60.12% | ValLoss 0.4020 F1 0.5505 Acc 0.56%
2025-11-06 17:53:25,239 - INFO - Epoch 044 | TrainLoss 0.3778 Acc 60.47% | ValLoss 0.4148 F1 0.5158 Acc 0.56%
2025-11-06 17:53:29,604 - INFO - Epoch 045 | TrainLoss 0.3761 Acc 60.26% | ValLoss 0.3984 F1 0.5463 Acc 0.57%
2025-11-06 17:53:33,774 - INFO - Epoch 046 | TrainLoss 0.3725 Acc 60.76% | ValLoss 0.3937 F1 0.5711 Acc 0.57%
2025-11-06 17:53:37,684 - INFO - Epoch 047 | TrainLoss 0.3704 Acc 61.32% | ValLoss 0.4045 F1 0.5591 Acc 0.56%
2025-11-06 17:53:42,676 - INFO - Epoch 048 | TrainLoss 0.3688 Acc 60.46% | ValLoss 0.3982 F1 0.5475 Acc 0.57%
2025-11-06 17:53:46,572 - INFO - Epoch 049 | TrainLoss 0.3678 Acc 60.49% | ValLoss 0.4070 F1 0.5422 Acc 0.57%
2025-11-06 17:53:50,509 - INFO - Epoch 050 | TrainLoss 0.3698 Acc 61.06% | ValLoss 0.3976 F1 0.5450 Acc 0.57%
2025-11-06 17:53:55,218 - INFO - Epoch 051 | TrainLoss 0.3643 Acc 61.79% | ValLoss 0.3957 F1 0.5659 Acc 0.58%
2025-11-06 17:54:00,441 - INFO - Epoch 052 | TrainLoss 0.3591 Acc 62.38% | ValLoss 0.3984 F1 0.5529 Acc 0.58%
2025-11-06 17:54:05,129 - INFO - Epoch 053 | TrainLoss 0.3616 Acc 61.87% | ValLoss 0.3942 F1 0.5544 Acc 0.58%
2025-11-06 17:54:09,930 - INFO - Epoch 054 | TrainLoss 0.3592 Acc 62.39% | ValLoss 0.3893 F1 0.5633 Acc 0.59%
2025-11-06 17:54:15,645 - INFO - Epoch 055 | TrainLoss 0.3568 Acc 62.51% | ValLoss 0.3974 F1 0.5731 Acc 0.59%
2025-11-06 17:54:21,116 - INFO - Epoch 056 | TrainLoss 0.3569 Acc 62.25% | ValLoss 0.4011 F1 0.5657 Acc 0.58%
2025-11-06 17:54:26,831 - INFO - Epoch 057 | TrainLoss 0.3557 Acc 62.86% | ValLoss 0.4039 F1 0.5620 Acc 0.57%
2025-11-06 17:54:33,391 - INFO - Epoch 058 | TrainLoss 0.3570 Acc 62.47% | ValLoss 0.3927 F1 0.5850 Acc 0.58%
2025-11-06 17:54:38,050 - INFO - Epoch 059 | TrainLoss 0.3539 Acc 62.54% | ValLoss 0.3887 F1 0.5851 Acc 0.59%
2025-11-06 17:54:43,369 - INFO - Epoch 060 | TrainLoss 0.3519 Acc 62.63% | ValLoss 0.3959 F1 0.5556 Acc 0.58%
2025-11-06 17:54:48,423 - INFO - Epoch 061 | TrainLoss 0.3538 Acc 62.81% | ValLoss 0.3925 F1 0.5664 Acc 0.58%
2025-11-06 17:54:54,198 - INFO - Epoch 062 | TrainLoss 0.3471 Acc 63.38% | ValLoss 0.3937 F1 0.5740 Acc 0.59%
2025-11-06 17:54:59,612 - INFO - Epoch 063 | TrainLoss 0.3489 Acc 63.30% | ValLoss 0.3904 F1 0.5677 Acc 0.59%
2025-11-06 17:55:05,118 - INFO - Epoch 064 | TrainLoss 0.3445 Acc 63.97% | ValLoss 0.3899 F1 0.5812 Acc 0.59%
2025-11-06 17:55:10,186 - INFO - Epoch 065 | TrainLoss 0.3448 Acc 63.15% | ValLoss 0.3842 F1 0.5739 Acc 0.59%
2025-11-06 17:55:15,632 - INFO - Epoch 066 | TrainLoss 0.3401 Acc 63.80% | ValLoss 0.3959 F1 0.5706 Acc 0.57%
2025-11-06 17:55:20,666 - INFO - Epoch 067 | TrainLoss 0.3379 Acc 64.69% | ValLoss 0.3974 F1 0.5794 Acc 0.58%
2025-11-06 17:55:25,323 - INFO - Epoch 068 | TrainLoss 0.3376 Acc 64.39% | ValLoss 0.3914 F1 0.5756 Acc 0.59%
2025-11-06 17:55:30,138 - INFO - Epoch 069 | TrainLoss 0.3405 Acc 64.27% | ValLoss 0.3858 F1 0.5836 Acc 0.58%
2025-11-06 17:55:36,183 - INFO - Epoch 070 | TrainLoss 0.3390 Acc 63.84% | ValLoss 0.3872 F1 0.5906 Acc 0.59%
2025-11-06 17:55:41,784 - INFO - Epoch 071 | TrainLoss 0.3390 Acc 64.57% | ValLoss 0.3910 F1 0.5816 Acc 0.59%
2025-11-06 17:55:46,950 - INFO - Epoch 072 | TrainLoss 0.3340 Acc 64.43% | ValLoss 0.3979 F1 0.5822 Acc 0.59%
2025-11-06 17:55:52,806 - INFO - Epoch 073 | TrainLoss 0.3371 Acc 64.72% | ValLoss 0.3894 F1 0.5789 Acc 0.59%
2025-11-06 17:55:58,686 - INFO - Epoch 074 | TrainLoss 0.3350 Acc 64.94% | ValLoss 0.3913 F1 0.5864 Acc 0.58%
2025-11-06 17:56:03,987 - INFO - Epoch 075 | TrainLoss 0.3343 Acc 64.91% | ValLoss 0.3944 F1 0.5745 Acc 0.59%
2025-11-06 17:56:08,978 - INFO - Epoch 076 | TrainLoss 0.3370 Acc 64.34% | ValLoss 0.3933 F1 0.5628 Acc 0.59%
2025-11-06 17:56:13,579 - INFO - Epoch 077 | TrainLoss 0.3318 Acc 64.98% | ValLoss 0.3976 F1 0.5872 Acc 0.59%
2025-11-06 17:56:18,729 - INFO - Epoch 078 | TrainLoss 0.3336 Acc 65.62% | ValLoss 0.3890 F1 0.5723 Acc 0.59%
2025-11-06 17:56:24,354 - INFO - Epoch 079 | TrainLoss 0.3283 Acc 64.98% | ValLoss 0.3920 F1 0.5813 Acc 0.59%
2025-11-06 17:56:29,559 - INFO - Epoch 080 | TrainLoss 0.3303 Acc 65.27% | ValLoss 0.3937 F1 0.5869 Acc 0.60%
2025-11-06 17:56:34,283 - INFO - Epoch 081 | TrainLoss 0.3274 Acc 65.85% | ValLoss 0.3824 F1 0.5870 Acc 0.60%
2025-11-06 17:56:38,565 - INFO - Epoch 082 | TrainLoss 0.3244 Acc 66.21% | ValLoss 0.3824 F1 0.5909 Acc 0.60%
2025-11-06 17:56:42,460 - INFO - Epoch 083 | TrainLoss 0.3238 Acc 66.18% | ValLoss 0.3890 F1 0.5710 Acc 0.59%
2025-11-06 17:56:46,316 - INFO - Epoch 084 | TrainLoss 0.3249 Acc 66.05% | ValLoss 0.3850 F1 0.5888 Acc 0.59%
2025-11-06 17:56:50,640 - INFO - Epoch 085 | TrainLoss 0.3222 Acc 65.98% | ValLoss 0.3920 F1 0.5791 Acc 0.59%
2025-11-06 17:56:54,532 - INFO - Epoch 086 | TrainLoss 0.3230 Acc 65.78% | ValLoss 0.3940 F1 0.5785 Acc 0.59%
2025-11-06 17:56:59,245 - INFO - Epoch 087 | TrainLoss 0.3287 Acc 65.48% | ValLoss 0.3907 F1 0.5714 Acc 0.59%
2025-11-06 17:57:04,434 - INFO - Epoch 088 | TrainLoss 0.3188 Acc 66.31% | ValLoss 0.3910 F1 0.5773 Acc 0.60%
2025-11-06 17:57:08,812 - INFO - Epoch 089 | TrainLoss 0.3195 Acc 66.01% | ValLoss 0.3907 F1 0.5939 Acc 0.59%
2025-11-06 17:57:13,927 - INFO - Epoch 090 | TrainLoss 0.3212 Acc 65.85% | ValLoss 0.3866 F1 0.5832 Acc 0.59%
2025-11-06 17:57:19,345 - INFO - Epoch 091 | TrainLoss 0.3169 Acc 66.98% | ValLoss 0.3983 F1 0.5819 Acc 0.58%
2025-11-06 17:57:23,921 - INFO - Epoch 092 | TrainLoss 0.3177 Acc 66.19% | ValLoss 0.3822 F1 0.5939 Acc 0.61%
2025-11-06 17:57:28,239 - INFO - Epoch 093 | TrainLoss 0.3158 Acc 66.64% | ValLoss 0.3793 F1 0.6055 Acc 0.61%
2025-11-06 17:57:33,154 - INFO - Epoch 094 | TrainLoss 0.3150 Acc 66.79% | ValLoss 0.3911 F1 0.5856 Acc 0.58%
2025-11-06 17:57:38,389 - INFO - Epoch 095 | TrainLoss 0.3179 Acc 66.20% | ValLoss 0.3806 F1 0.5923 Acc 0.60%
2025-11-06 17:57:43,523 - INFO - Epoch 096 | TrainLoss 0.3126 Acc 67.06% | ValLoss 0.4037 F1 0.5761 Acc 0.60%
2025-11-06 17:57:48,211 - INFO - Epoch 097 | TrainLoss 0.3110 Acc 67.31% | ValLoss 0.3911 F1 0.5803 Acc 0.60%
2025-11-06 17:57:53,822 - INFO - Epoch 098 | TrainLoss 0.3140 Acc 67.25% | ValLoss 0.3833 F1 0.5982 Acc 0.60%
2025-11-06 17:57:58,959 - INFO - Epoch 099 | TrainLoss 0.3051 Acc 67.85% | ValLoss 0.3845 F1 0.5878 Acc 0.60%
2025-11-06 17:58:05,083 - INFO - Epoch 100 | TrainLoss 0.3120 Acc 67.71% | ValLoss 0.3935 F1 0.5803 Acc 0.60%
2025-11-06 17:58:10,744 - INFO - Epoch 101 | TrainLoss 0.3073 Acc 67.24% | ValLoss 0.4073 F1 0.5895 Acc 0.59%
2025-11-06 17:58:15,651 - INFO - Epoch 102 | TrainLoss 0.3109 Acc 67.83% | ValLoss 0.3790 F1 0.6039 Acc 0.61%
2025-11-06 17:58:20,029 - INFO - Epoch 103 | TrainLoss 0.3076 Acc 67.82% | ValLoss 0.3813 F1 0.5994 Acc 0.61%
2025-11-06 17:58:25,391 - INFO - Epoch 104 | TrainLoss 0.2993 Acc 68.75% | ValLoss 0.3856 F1 0.5891 Acc 0.59%
2025-11-06 17:58:30,450 - INFO - Epoch 105 | TrainLoss 0.3021 Acc 68.10% | ValLoss 0.3803 F1 0.5969 Acc 0.61%
2025-11-06 17:58:36,319 - INFO - Epoch 106 | TrainLoss 0.3010 Acc 68.67% | ValLoss 0.3935 F1 0.5853 Acc 0.59%
2025-11-06 17:58:41,894 - INFO - Epoch 107 | TrainLoss 0.2986 Acc 68.52% | ValLoss 0.3834 F1 0.5952 Acc 0.60%
2025-11-06 17:58:47,833 - INFO - Epoch 108 | TrainLoss 0.3021 Acc 67.93% | ValLoss 0.3941 F1 0.5913 Acc 0.60%
2025-11-06 17:58:47,834 - INFO - Early stopping.
2025-11-06 17:58:47,838 - INFO - 
Fold 2/3
2025-11-06 17:59:00,899 - INFO - Epoch 001 | TrainLoss 0.5572 Acc 46.19% | ValLoss 0.5147 F1 0.3351 Acc 0.45%
2025-11-06 17:59:07,185 - INFO - Epoch 002 | TrainLoss 0.5090 Acc 46.84% | ValLoss 0.5205 F1 0.3179 Acc 0.46%
2025-11-06 17:59:13,816 - INFO - Epoch 003 | TrainLoss 0.4972 Acc 47.55% | ValLoss 0.4834 F1 0.4050 Acc 0.47%
2025-11-06 17:59:19,273 - INFO - Epoch 004 | TrainLoss 0.4887 Acc 48.28% | ValLoss 0.4812 F1 0.3446 Acc 0.47%
2025-11-06 17:59:25,258 - INFO - Epoch 005 | TrainLoss 0.4812 Acc 48.56% | ValLoss 0.4681 F1 0.4416 Acc 0.50%
2025-11-06 17:59:31,417 - INFO - Epoch 006 | TrainLoss 0.4743 Acc 50.22% | ValLoss 0.4648 F1 0.4150 Acc 0.50%
2025-11-06 17:59:37,171 - INFO - Epoch 007 | TrainLoss 0.4658 Acc 51.51% | ValLoss 0.4834 F1 0.4466 Acc 0.50%
2025-11-06 17:59:42,788 - INFO - Epoch 008 | TrainLoss 0.4608 Acc 51.26% | ValLoss 0.4521 F1 0.4724 Acc 0.52%
2025-11-06 17:59:47,586 - INFO - Epoch 009 | TrainLoss 0.4561 Acc 52.07% | ValLoss 0.4561 F1 0.4849 Acc 0.49%
2025-11-06 17:59:52,374 - INFO - Epoch 010 | TrainLoss 0.4512 Acc 52.52% | ValLoss 0.4521 F1 0.4619 Acc 0.52%
2025-11-06 17:59:57,755 - INFO - Epoch 011 | TrainLoss 0.4463 Acc 53.01% | ValLoss 0.4473 F1 0.4831 Acc 0.52%
2025-11-06 18:00:02,059 - INFO - Epoch 012 | TrainLoss 0.4428 Acc 52.66% | ValLoss 0.4441 F1 0.4966 Acc 0.54%
2025-11-06 18:00:06,962 - INFO - Epoch 013 | TrainLoss 0.4408 Acc 53.22% | ValLoss 0.4426 F1 0.5071 Acc 0.54%
2025-11-06 18:00:11,928 - INFO - Epoch 014 | TrainLoss 0.4353 Acc 53.74% | ValLoss 0.4347 F1 0.4991 Acc 0.54%
2025-11-06 18:00:16,770 - INFO - Epoch 015 | TrainLoss 0.4336 Acc 54.34% | ValLoss 0.4369 F1 0.4790 Acc 0.53%
2025-11-06 18:00:22,168 - INFO - Epoch 016 | TrainLoss 0.4301 Acc 54.34% | ValLoss 0.4340 F1 0.4936 Acc 0.54%
2025-11-06 18:00:27,381 - INFO - Epoch 017 | TrainLoss 0.4282 Acc 54.58% | ValLoss 0.4285 F1 0.4952 Acc 0.54%
2025-11-06 18:00:32,992 - INFO - Epoch 018 | TrainLoss 0.4216 Acc 55.12% | ValLoss 0.4346 F1 0.5097 Acc 0.53%
2025-11-06 18:00:38,501 - INFO - Epoch 019 | TrainLoss 0.4206 Acc 55.40% | ValLoss 0.4263 F1 0.5196 Acc 0.53%
2025-11-06 18:00:43,144 - INFO - Epoch 020 | TrainLoss 0.4192 Acc 55.04% | ValLoss 0.4255 F1 0.5302 Acc 0.54%
2025-11-06 18:00:48,509 - INFO - Epoch 021 | TrainLoss 0.4146 Acc 55.63% | ValLoss 0.4207 F1 0.5149 Acc 0.55%
2025-11-06 18:00:53,120 - INFO - Epoch 022 | TrainLoss 0.4112 Acc 56.13% | ValLoss 0.4180 F1 0.5205 Acc 0.55%
2025-11-06 18:00:57,430 - INFO - Epoch 023 | TrainLoss 0.4076 Acc 56.30% | ValLoss 0.4165 F1 0.5299 Acc 0.55%
2025-11-06 18:01:04,080 - INFO - Epoch 024 | TrainLoss 0.4054 Acc 57.12% | ValLoss 0.4218 F1 0.4960 Acc 0.54%
2025-11-06 18:01:10,340 - INFO - Epoch 025 | TrainLoss 0.4022 Acc 56.99% | ValLoss 0.4108 F1 0.5142 Acc 0.55%
2025-11-06 18:01:15,366 - INFO - Epoch 026 | TrainLoss 0.4023 Acc 57.12% | ValLoss 0.4086 F1 0.5383 Acc 0.56%
2025-11-06 18:01:20,903 - INFO - Epoch 027 | TrainLoss 0.3978 Acc 58.01% | ValLoss 0.4083 F1 0.5135 Acc 0.56%
2025-11-06 18:01:25,578 - INFO - Epoch 028 | TrainLoss 0.3970 Acc 57.71% | ValLoss 0.4151 F1 0.5222 Acc 0.56%
2025-11-06 18:01:30,265 - INFO - Epoch 029 | TrainLoss 0.3939 Acc 57.80% | ValLoss 0.4051 F1 0.5397 Acc 0.57%
2025-11-06 18:01:35,359 - INFO - Epoch 030 | TrainLoss 0.3931 Acc 58.17% | ValLoss 0.4037 F1 0.5435 Acc 0.57%
2025-11-06 18:01:40,260 - INFO - Epoch 031 | TrainLoss 0.3888 Acc 58.38% | ValLoss 0.4072 F1 0.5382 Acc 0.57%
2025-11-06 18:01:45,851 - INFO - Epoch 032 | TrainLoss 0.3833 Acc 59.00% | ValLoss 0.3969 F1 0.5414 Acc 0.57%
2025-11-06 18:01:51,428 - INFO - Epoch 033 | TrainLoss 0.3859 Acc 58.49% | ValLoss 0.4028 F1 0.5504 Acc 0.57%
2025-11-06 18:01:55,930 - INFO - Epoch 034 | TrainLoss 0.3861 Acc 59.08% | ValLoss 0.4079 F1 0.5303 Acc 0.56%
2025-11-06 18:02:00,307 - INFO - Epoch 035 | TrainLoss 0.3815 Acc 59.22% | ValLoss 0.3971 F1 0.5566 Acc 0.57%
2025-11-06 18:02:05,435 - INFO - Epoch 036 | TrainLoss 0.3785 Acc 59.66% | ValLoss 0.4016 F1 0.5574 Acc 0.58%
2025-11-06 18:02:11,251 - INFO - Epoch 037 | TrainLoss 0.3791 Acc 59.45% | ValLoss 0.4070 F1 0.5452 Acc 0.57%
2025-11-06 18:02:17,222 - INFO - Epoch 038 | TrainLoss 0.3752 Acc 59.95% | ValLoss 0.3912 F1 0.5505 Acc 0.59%
2025-11-06 18:02:23,464 - INFO - Epoch 039 | TrainLoss 0.3739 Acc 60.47% | ValLoss 0.3917 F1 0.5713 Acc 0.58%
2025-11-06 18:02:29,903 - INFO - Epoch 040 | TrainLoss 0.3727 Acc 60.52% | ValLoss 0.3999 F1 0.5564 Acc 0.56%
2025-11-06 18:02:35,067 - INFO - Epoch 041 | TrainLoss 0.3703 Acc 60.11% | ValLoss 0.3911 F1 0.5655 Acc 0.59%
2025-11-06 18:02:40,292 - INFO - Epoch 042 | TrainLoss 0.3754 Acc 59.66% | ValLoss 0.3905 F1 0.5594 Acc 0.58%
2025-11-06 18:02:46,525 - INFO - Epoch 043 | TrainLoss 0.3687 Acc 61.29% | ValLoss 0.3996 F1 0.5598 Acc 0.58%
2025-11-06 18:02:51,906 - INFO - Epoch 044 | TrainLoss 0.3674 Acc 60.79% | ValLoss 0.3926 F1 0.5666 Acc 0.58%
2025-11-06 18:02:56,319 - INFO - Epoch 045 | TrainLoss 0.3659 Acc 61.24% | ValLoss 0.3885 F1 0.5713 Acc 0.59%
2025-11-06 18:03:01,293 - INFO - Epoch 046 | TrainLoss 0.3665 Acc 61.55% | ValLoss 0.3865 F1 0.5760 Acc 0.60%
2025-11-06 18:03:07,090 - INFO - Epoch 047 | TrainLoss 0.3607 Acc 61.70% | ValLoss 0.3803 F1 0.5813 Acc 0.59%
2025-11-06 18:03:13,107 - INFO - Epoch 048 | TrainLoss 0.3627 Acc 60.84% | ValLoss 0.3888 F1 0.5763 Acc 0.58%
2025-11-06 18:03:17,360 - INFO - Epoch 049 | TrainLoss 0.3646 Acc 60.38% | ValLoss 0.3846 F1 0.5627 Acc 0.59%
2025-11-06 18:03:22,260 - INFO - Epoch 050 | TrainLoss 0.3583 Acc 61.19% | ValLoss 0.3829 F1 0.5738 Acc 0.59%
2025-11-06 18:03:26,441 - INFO - Epoch 051 | TrainLoss 0.3575 Acc 61.85% | ValLoss 0.3913 F1 0.5522 Acc 0.58%
2025-11-06 18:03:30,522 - INFO - Epoch 052 | TrainLoss 0.3599 Acc 61.55% | ValLoss 0.3783 F1 0.5831 Acc 0.59%
2025-11-06 18:03:35,352 - INFO - Epoch 053 | TrainLoss 0.3519 Acc 62.51% | ValLoss 0.3906 F1 0.5633 Acc 0.58%
2025-11-06 18:03:39,611 - INFO - Epoch 054 | TrainLoss 0.3544 Acc 62.00% | ValLoss 0.3868 F1 0.5719 Acc 0.58%
2025-11-06 18:03:43,666 - INFO - Epoch 055 | TrainLoss 0.3508 Acc 62.61% | ValLoss 0.3751 F1 0.5797 Acc 0.59%
2025-11-06 18:03:47,944 - INFO - Epoch 056 | TrainLoss 0.3496 Acc 63.06% | ValLoss 0.3760 F1 0.5820 Acc 0.60%
2025-11-06 18:03:52,123 - INFO - Epoch 057 | TrainLoss 0.3520 Acc 62.43% | ValLoss 0.3905 F1 0.5639 Acc 0.57%
2025-11-06 18:03:56,553 - INFO - Epoch 058 | TrainLoss 0.3466 Acc 62.84% | ValLoss 0.3822 F1 0.5728 Acc 0.58%
2025-11-06 18:04:00,627 - INFO - Epoch 059 | TrainLoss 0.3430 Acc 62.97% | ValLoss 0.3797 F1 0.5879 Acc 0.59%
2025-11-06 18:04:05,589 - INFO - Epoch 060 | TrainLoss 0.3494 Acc 62.79% | ValLoss 0.3752 F1 0.5808 Acc 0.59%
2025-11-06 18:04:10,070 - INFO - Epoch 061 | TrainLoss 0.3420 Acc 63.50% | ValLoss 0.3724 F1 0.5889 Acc 0.60%
2025-11-06 18:04:14,502 - INFO - Epoch 062 | TrainLoss 0.3441 Acc 63.59% | ValLoss 0.3749 F1 0.5970 Acc 0.60%
2025-11-06 18:04:18,527 - INFO - Epoch 063 | TrainLoss 0.3405 Acc 64.04% | ValLoss 0.3701 F1 0.5959 Acc 0.60%
2025-11-06 18:04:23,021 - INFO - Epoch 064 | TrainLoss 0.3402 Acc 63.52% | ValLoss 0.3841 F1 0.5846 Acc 0.59%
2025-11-06 18:04:27,864 - INFO - Epoch 065 | TrainLoss 0.3399 Acc 63.32% | ValLoss 0.3772 F1 0.5841 Acc 0.59%
2025-11-06 18:04:32,301 - INFO - Epoch 066 | TrainLoss 0.3385 Acc 63.69% | ValLoss 0.3796 F1 0.5908 Acc 0.59%
2025-11-06 18:04:36,613 - INFO - Epoch 067 | TrainLoss 0.3385 Acc 63.45% | ValLoss 0.3730 F1 0.5866 Acc 0.60%
2025-11-06 18:04:41,230 - INFO - Epoch 068 | TrainLoss 0.3385 Acc 64.05% | ValLoss 0.3668 F1 0.6023 Acc 0.61%
2025-11-06 18:04:45,343 - INFO - Epoch 069 | TrainLoss 0.3384 Acc 63.72% | ValLoss 0.3740 F1 0.5931 Acc 0.60%
2025-11-06 18:04:49,535 - INFO - Epoch 070 | TrainLoss 0.3378 Acc 63.75% | ValLoss 0.3754 F1 0.5967 Acc 0.61%
2025-11-06 18:04:54,010 - INFO - Epoch 071 | TrainLoss 0.3364 Acc 64.33% | ValLoss 0.3714 F1 0.6010 Acc 0.62%
2025-11-06 18:04:58,143 - INFO - Epoch 072 | TrainLoss 0.3321 Acc 63.64% | ValLoss 0.3659 F1 0.5958 Acc 0.61%
2025-11-06 18:05:02,709 - INFO - Epoch 073 | TrainLoss 0.3298 Acc 64.85% | ValLoss 0.3752 F1 0.5919 Acc 0.60%
2025-11-06 18:05:07,595 - INFO - Epoch 074 | TrainLoss 0.3312 Acc 64.53% | ValLoss 0.3796 F1 0.5857 Acc 0.59%
2025-11-06 18:05:12,121 - INFO - Epoch 075 | TrainLoss 0.3265 Acc 65.11% | ValLoss 0.3752 F1 0.5929 Acc 0.60%
2025-11-06 18:05:16,398 - INFO - Epoch 076 | TrainLoss 0.3321 Acc 65.01% | ValLoss 0.3786 F1 0.6015 Acc 0.61%
2025-11-06 18:05:20,641 - INFO - Epoch 077 | TrainLoss 0.3274 Acc 65.16% | ValLoss 0.3733 F1 0.6004 Acc 0.61%
2025-11-06 18:05:24,842 - INFO - Epoch 078 | TrainLoss 0.3251 Acc 64.76% | ValLoss 0.3665 F1 0.6013 Acc 0.61%
2025-11-06 18:05:29,187 - INFO - Epoch 079 | TrainLoss 0.3253 Acc 64.74% | ValLoss 0.3848 F1 0.5914 Acc 0.59%
2025-11-06 18:05:33,627 - INFO - Epoch 080 | TrainLoss 0.3256 Acc 65.05% | ValLoss 0.3744 F1 0.5884 Acc 0.60%
2025-11-06 18:05:37,719 - INFO - Epoch 081 | TrainLoss 0.3248 Acc 65.71% | ValLoss 0.3752 F1 0.6024 Acc 0.61%
2025-11-06 18:05:42,049 - INFO - Epoch 082 | TrainLoss 0.3219 Acc 66.09% | ValLoss 0.3776 F1 0.5972 Acc 0.61%
2025-11-06 18:05:46,786 - INFO - Epoch 083 | TrainLoss 0.3226 Acc 65.85% | ValLoss 0.3872 F1 0.5847 Acc 0.59%
2025-11-06 18:05:46,786 - INFO - Early stopping.
2025-11-06 18:05:46,790 - INFO - 
Fold 3/3
2025-11-06 18:05:58,210 - INFO - Epoch 001 | TrainLoss 0.5891 Acc 46.13% | ValLoss 0.5729 F1 0.3653 Acc 0.47%
2025-11-06 18:06:02,874 - INFO - Epoch 002 | TrainLoss 0.5207 Acc 46.56% | ValLoss 0.5325 F1 0.3638 Acc 0.47%
2025-11-06 18:06:07,126 - INFO - Epoch 003 | TrainLoss 0.5050 Acc 46.78% | ValLoss 0.5096 F1 0.3726 Acc 0.47%
2025-11-06 18:06:11,703 - INFO - Epoch 004 | TrainLoss 0.4966 Acc 47.21% | ValLoss 0.5068 F1 0.3625 Acc 0.47%
2025-11-06 18:06:16,510 - INFO - Epoch 005 | TrainLoss 0.4877 Acc 48.28% | ValLoss 0.4904 F1 0.4134 Acc 0.49%
2025-11-06 18:06:21,264 - INFO - Epoch 006 | TrainLoss 0.4818 Acc 48.47% | ValLoss 0.4799 F1 0.4047 Acc 0.50%
2025-11-06 18:06:26,114 - INFO - Epoch 007 | TrainLoss 0.4717 Acc 49.87% | ValLoss 0.4706 F1 0.4477 Acc 0.50%
2025-11-06 18:06:30,522 - INFO - Epoch 008 | TrainLoss 0.4632 Acc 50.91% | ValLoss 0.4751 F1 0.4606 Acc 0.53%
2025-11-06 18:06:34,509 - INFO - Epoch 009 | TrainLoss 0.4597 Acc 51.09% | ValLoss 0.4691 F1 0.4453 Acc 0.51%
2025-11-06 18:06:38,537 - INFO - Epoch 010 | TrainLoss 0.4573 Acc 50.86% | ValLoss 0.4602 F1 0.5049 Acc 0.51%
2025-11-06 18:06:42,500 - INFO - Epoch 011 | TrainLoss 0.4529 Acc 51.74% | ValLoss 0.4587 F1 0.4738 Acc 0.52%
2025-11-06 18:06:47,841 - INFO - Epoch 012 | TrainLoss 0.4502 Acc 52.11% | ValLoss 0.4628 F1 0.4720 Acc 0.50%
2025-11-06 18:06:52,336 - INFO - Epoch 013 | TrainLoss 0.4444 Acc 52.69% | ValLoss 0.4518 F1 0.4662 Acc 0.53%
2025-11-06 18:06:56,481 - INFO - Epoch 014 | TrainLoss 0.4426 Acc 52.75% | ValLoss 0.4570 F1 0.4896 Acc 0.52%
2025-11-06 18:07:01,098 - INFO - Epoch 015 | TrainLoss 0.4426 Acc 52.97% | ValLoss 0.4574 F1 0.4700 Acc 0.53%
2025-11-06 18:07:05,575 - INFO - Epoch 016 | TrainLoss 0.4346 Acc 53.80% | ValLoss 0.4531 F1 0.5045 Acc 0.53%
2025-11-06 18:07:11,163 - INFO - Epoch 017 | TrainLoss 0.4374 Acc 53.73% | ValLoss 0.4481 F1 0.4990 Acc 0.53%
2025-11-06 18:07:15,718 - INFO - Epoch 018 | TrainLoss 0.4314 Acc 53.87% | ValLoss 0.4490 F1 0.4908 Acc 0.53%
2025-11-06 18:07:20,402 - INFO - Epoch 019 | TrainLoss 0.4260 Acc 54.95% | ValLoss 0.4416 F1 0.5069 Acc 0.53%
2025-11-06 18:07:24,583 - INFO - Epoch 020 | TrainLoss 0.4239 Acc 54.65% | ValLoss 0.4539 F1 0.4935 Acc 0.52%
2025-11-06 18:07:28,707 - INFO - Epoch 021 | TrainLoss 0.4222 Acc 55.13% | ValLoss 0.4391 F1 0.5089 Acc 0.54%
2025-11-06 18:07:33,056 - INFO - Epoch 022 | TrainLoss 0.4210 Acc 55.54% | ValLoss 0.4390 F1 0.5158 Acc 0.54%
2025-11-06 18:07:37,113 - INFO - Epoch 023 | TrainLoss 0.4160 Acc 55.76% | ValLoss 0.4422 F1 0.5232 Acc 0.54%
2025-11-06 18:07:41,158 - INFO - Epoch 024 | TrainLoss 0.4163 Acc 55.57% | ValLoss 0.4429 F1 0.5300 Acc 0.55%
2025-11-06 18:07:45,235 - INFO - Epoch 025 | TrainLoss 0.4124 Acc 56.33% | ValLoss 0.4369 F1 0.5274 Acc 0.53%
2025-11-06 18:07:49,918 - INFO - Epoch 026 | TrainLoss 0.4142 Acc 55.87% | ValLoss 0.4382 F1 0.5194 Acc 0.55%
2025-11-06 18:07:54,562 - INFO - Epoch 027 | TrainLoss 0.4144 Acc 56.41% | ValLoss 0.4414 F1 0.5202 Acc 0.53%
2025-11-06 18:07:58,768 - INFO - Epoch 028 | TrainLoss 0.4100 Acc 56.10% | ValLoss 0.4351 F1 0.5259 Acc 0.54%
2025-11-06 18:08:02,739 - INFO - Epoch 029 | TrainLoss 0.4095 Acc 56.46% | ValLoss 0.4473 F1 0.5314 Acc 0.53%
2025-11-06 18:08:06,981 - INFO - Epoch 030 | TrainLoss 0.4050 Acc 57.01% | ValLoss 0.4357 F1 0.5244 Acc 0.54%
2025-11-06 18:08:11,125 - INFO - Epoch 031 | TrainLoss 0.4033 Acc 56.60% | ValLoss 0.4442 F1 0.5076 Acc 0.54%
2025-11-06 18:08:15,205 - INFO - Epoch 032 | TrainLoss 0.4014 Acc 57.74% | ValLoss 0.4295 F1 0.5253 Acc 0.55%
2025-11-06 18:08:20,081 - INFO - Epoch 033 | TrainLoss 0.4036 Acc 56.81% | ValLoss 0.4332 F1 0.5305 Acc 0.55%
2025-11-06 18:08:24,122 - INFO - Epoch 034 | TrainLoss 0.3989 Acc 57.17% | ValLoss 0.4277 F1 0.5205 Acc 0.56%
2025-11-06 18:08:28,563 - INFO - Epoch 035 | TrainLoss 0.3992 Acc 57.28% | ValLoss 0.4255 F1 0.5265 Acc 0.56%
2025-11-06 18:08:32,661 - INFO - Epoch 036 | TrainLoss 0.3950 Acc 58.41% | ValLoss 0.4283 F1 0.5452 Acc 0.55%
2025-11-06 18:08:36,932 - INFO - Epoch 037 | TrainLoss 0.3902 Acc 58.16% | ValLoss 0.4281 F1 0.5363 Acc 0.56%
2025-11-06 18:08:41,107 - INFO - Epoch 038 | TrainLoss 0.3936 Acc 58.50% | ValLoss 0.4156 F1 0.5524 Acc 0.57%
2025-11-06 18:08:45,336 - INFO - Epoch 039 | TrainLoss 0.3888 Acc 59.05% | ValLoss 0.4220 F1 0.5323 Acc 0.56%
2025-11-06 18:08:49,759 - INFO - Epoch 040 | TrainLoss 0.3899 Acc 58.16% | ValLoss 0.4250 F1 0.5438 Acc 0.56%
2025-11-06 18:08:54,243 - INFO - Epoch 041 | TrainLoss 0.3855 Acc 59.13% | ValLoss 0.4234 F1 0.5467 Acc 0.55%
2025-11-06 18:08:58,510 - INFO - Epoch 042 | TrainLoss 0.3863 Acc 58.66% | ValLoss 0.4261 F1 0.5496 Acc 0.55%
2025-11-06 18:09:03,085 - INFO - Epoch 043 | TrainLoss 0.3826 Acc 59.24% | ValLoss 0.4315 F1 0.5481 Acc 0.57%
2025-11-06 18:09:07,366 - INFO - Epoch 044 | TrainLoss 0.3845 Acc 60.29% | ValLoss 0.4106 F1 0.5586 Acc 0.57%
2025-11-06 18:09:11,527 - INFO - Epoch 045 | TrainLoss 0.3798 Acc 59.75% | ValLoss 0.4188 F1 0.5529 Acc 0.57%
2025-11-06 18:09:15,733 - INFO - Epoch 046 | TrainLoss 0.3805 Acc 60.22% | ValLoss 0.4190 F1 0.5432 Acc 0.57%
2025-11-06 18:09:19,812 - INFO - Epoch 047 | TrainLoss 0.3779 Acc 60.00% | ValLoss 0.4277 F1 0.5434 Acc 0.55%
2025-11-06 18:09:25,398 - INFO - Epoch 048 | TrainLoss 0.3780 Acc 60.06% | ValLoss 0.4106 F1 0.5467 Acc 0.58%
2025-11-06 18:09:29,675 - INFO - Epoch 049 | TrainLoss 0.3788 Acc 60.46% | ValLoss 0.4132 F1 0.5524 Acc 0.58%
2025-11-06 18:09:33,983 - INFO - Epoch 050 | TrainLoss 0.3712 Acc 60.64% | ValLoss 0.4211 F1 0.5567 Acc 0.56%
2025-11-06 18:09:38,162 - INFO - Epoch 051 | TrainLoss 0.3740 Acc 60.44% | ValLoss 0.4321 F1 0.5373 Acc 0.54%
2025-11-06 18:09:42,399 - INFO - Epoch 052 | TrainLoss 0.3685 Acc 60.99% | ValLoss 0.4164 F1 0.5434 Acc 0.57%
2025-11-06 18:09:46,668 - INFO - Epoch 053 | TrainLoss 0.3704 Acc 61.21% | ValLoss 0.4139 F1 0.5423 Acc 0.57%
2025-11-06 18:09:50,730 - INFO - Epoch 054 | TrainLoss 0.3732 Acc 60.80% | ValLoss 0.4189 F1 0.5523 Acc 0.55%
2025-11-06 18:09:54,960 - INFO - Epoch 055 | TrainLoss 0.3685 Acc 61.42% | ValLoss 0.4115 F1 0.5546 Acc 0.56%
2025-11-06 18:09:59,557 - INFO - Epoch 056 | TrainLoss 0.3669 Acc 61.19% | ValLoss 0.4180 F1 0.5608 Acc 0.57%
2025-11-06 18:10:03,709 - INFO - Epoch 057 | TrainLoss 0.3650 Acc 61.72% | ValLoss 0.4090 F1 0.5544 Acc 0.58%
2025-11-06 18:10:08,425 - INFO - Epoch 058 | TrainLoss 0.3615 Acc 62.58% | ValLoss 0.4187 F1 0.5588 Acc 0.57%
2025-11-06 18:10:12,697 - INFO - Epoch 059 | TrainLoss 0.3608 Acc 62.25% | ValLoss 0.4142 F1 0.5550 Acc 0.58%
2025-11-06 18:10:17,698 - INFO - Epoch 060 | TrainLoss 0.3614 Acc 61.84% | ValLoss 0.4159 F1 0.5665 Acc 0.57%
2025-11-06 18:10:22,014 - INFO - Epoch 061 | TrainLoss 0.3579 Acc 61.70% | ValLoss 0.4205 F1 0.5495 Acc 0.56%
2025-11-06 18:10:26,253 - INFO - Epoch 062 | TrainLoss 0.3623 Acc 61.70% | ValLoss 0.4101 F1 0.5613 Acc 0.57%
2025-11-06 18:10:30,438 - INFO - Epoch 063 | TrainLoss 0.3522 Acc 62.94% | ValLoss 0.4133 F1 0.5640 Acc 0.57%
2025-11-06 18:10:34,436 - INFO - Epoch 064 | TrainLoss 0.3552 Acc 62.78% | ValLoss 0.4102 F1 0.5731 Acc 0.58%
2025-11-06 18:10:38,458 - INFO - Epoch 065 | TrainLoss 0.3542 Acc 62.68% | ValLoss 0.4185 F1 0.5652 Acc 0.57%
2025-11-06 18:10:42,682 - INFO - Epoch 066 | TrainLoss 0.3490 Acc 63.33% | ValLoss 0.4169 F1 0.5648 Acc 0.58%
2025-11-06 18:10:47,211 - INFO - Epoch 067 | TrainLoss 0.3520 Acc 62.30% | ValLoss 0.4063 F1 0.5519 Acc 0.57%
2025-11-06 18:10:52,221 - INFO - Epoch 068 | TrainLoss 0.3508 Acc 63.17% | ValLoss 0.4124 F1 0.5654 Acc 0.58%
2025-11-06 18:10:57,098 - INFO - Epoch 069 | TrainLoss 0.3518 Acc 63.40% | ValLoss 0.4055 F1 0.5616 Acc 0.58%
2025-11-06 18:11:02,210 - INFO - Epoch 070 | TrainLoss 0.3451 Acc 63.96% | ValLoss 0.4172 F1 0.5495 Acc 0.58%
2025-11-06 18:11:06,479 - INFO - Epoch 071 | TrainLoss 0.3432 Acc 63.61% | ValLoss 0.4048 F1 0.5643 Acc 0.59%
2025-11-06 18:11:10,817 - INFO - Epoch 072 | TrainLoss 0.3469 Acc 63.76% | ValLoss 0.4074 F1 0.5747 Acc 0.59%
2025-11-06 18:11:15,297 - INFO - Epoch 073 | TrainLoss 0.3460 Acc 63.40% | ValLoss 0.4002 F1 0.5810 Acc 0.59%
2025-11-06 18:11:19,474 - INFO - Epoch 074 | TrainLoss 0.3412 Acc 64.31% | ValLoss 0.4184 F1 0.5665 Acc 0.59%
2025-11-06 18:11:23,536 - INFO - Epoch 075 | TrainLoss 0.3413 Acc 64.52% | ValLoss 0.4168 F1 0.5769 Acc 0.58%
2025-11-06 18:11:27,724 - INFO - Epoch 076 | TrainLoss 0.3394 Acc 64.44% | ValLoss 0.4024 F1 0.5643 Acc 0.58%
2025-11-06 18:11:31,715 - INFO - Epoch 077 | TrainLoss 0.3390 Acc 64.81% | ValLoss 0.4063 F1 0.5813 Acc 0.59%
2025-11-06 18:11:36,023 - INFO - Epoch 078 | TrainLoss 0.3395 Acc 64.73% | ValLoss 0.4014 F1 0.5797 Acc 0.59%
2025-11-06 18:11:40,280 - INFO - Epoch 079 | TrainLoss 0.3318 Acc 64.89% | ValLoss 0.4032 F1 0.5871 Acc 0.59%
2025-11-06 18:11:44,631 - INFO - Epoch 080 | TrainLoss 0.3372 Acc 64.88% | ValLoss 0.4077 F1 0.5781 Acc 0.59%
2025-11-06 18:11:48,837 - INFO - Epoch 081 | TrainLoss 0.3349 Acc 64.95% | ValLoss 0.3939 F1 0.5828 Acc 0.59%
2025-11-06 18:11:53,056 - INFO - Epoch 082 | TrainLoss 0.3331 Acc 64.99% | ValLoss 0.4078 F1 0.5812 Acc 0.59%
2025-11-06 18:11:57,142 - INFO - Epoch 083 | TrainLoss 0.3317 Acc 65.11% | ValLoss 0.4037 F1 0.5764 Acc 0.59%
2025-11-06 18:12:02,530 - INFO - Epoch 084 | TrainLoss 0.3291 Acc 64.84% | ValLoss 0.4098 F1 0.5727 Acc 0.58%
2025-11-06 18:12:06,638 - INFO - Epoch 085 | TrainLoss 0.3299 Acc 65.63% | ValLoss 0.4055 F1 0.5792 Acc 0.59%
2025-11-06 18:12:10,707 - INFO - Epoch 086 | TrainLoss 0.3247 Acc 66.04% | ValLoss 0.4010 F1 0.5791 Acc 0.58%
2025-11-06 18:12:14,917 - INFO - Epoch 087 | TrainLoss 0.3278 Acc 65.28% | ValLoss 0.3973 F1 0.5866 Acc 0.59%
2025-11-06 18:12:19,126 - INFO - Epoch 088 | TrainLoss 0.3278 Acc 65.05% | ValLoss 0.4022 F1 0.5821 Acc 0.58%
2025-11-06 18:12:23,910 - INFO - Epoch 089 | TrainLoss 0.3215 Acc 66.09% | ValLoss 0.4121 F1 0.5857 Acc 0.58%
2025-11-06 18:12:28,523 - INFO - Epoch 090 | TrainLoss 0.3250 Acc 65.67% | ValLoss 0.3984 F1 0.5846 Acc 0.59%
2025-11-06 18:12:33,596 - INFO - Epoch 091 | TrainLoss 0.3243 Acc 66.20% | ValLoss 0.4034 F1 0.5791 Acc 0.59%
2025-11-06 18:12:38,009 - INFO - Epoch 092 | TrainLoss 0.3246 Acc 66.52% | ValLoss 0.3911 F1 0.5937 Acc 0.61%
2025-11-06 18:12:42,359 - INFO - Epoch 093 | TrainLoss 0.3231 Acc 66.19% | ValLoss 0.3939 F1 0.5859 Acc 0.61%
2025-11-06 18:12:46,974 - INFO - Epoch 094 | TrainLoss 0.3180 Acc 66.25% | ValLoss 0.3969 F1 0.5865 Acc 0.60%
2025-11-06 18:12:51,312 - INFO - Epoch 095 | TrainLoss 0.3227 Acc 65.93% | ValLoss 0.4041 F1 0.5780 Acc 0.60%
2025-11-06 18:12:55,415 - INFO - Epoch 096 | TrainLoss 0.3226 Acc 66.38% | ValLoss 0.4003 F1 0.5851 Acc 0.59%
2025-11-06 18:12:59,565 - INFO - Epoch 097 | TrainLoss 0.3212 Acc 66.09% | ValLoss 0.4070 F1 0.5779 Acc 0.58%
2025-11-06 18:13:03,900 - INFO - Epoch 098 | TrainLoss 0.3180 Acc 66.90% | ValLoss 0.3971 F1 0.5784 Acc 0.60%
2025-11-06 18:13:08,368 - INFO - Epoch 099 | TrainLoss 0.3190 Acc 66.39% | ValLoss 0.4045 F1 0.5961 Acc 0.59%
2025-11-06 18:13:12,501 - INFO - Epoch 100 | TrainLoss 0.3131 Acc 67.59% | ValLoss 0.4034 F1 0.5905 Acc 0.60%
2025-11-06 18:13:17,908 - INFO - Epoch 101 | TrainLoss 0.3143 Acc 67.11% | ValLoss 0.4089 F1 0.5737 Acc 0.60%
2025-11-06 18:13:22,189 - INFO - Epoch 102 | TrainLoss 0.3172 Acc 67.26% | ValLoss 0.4088 F1 0.5949 Acc 0.59%
2025-11-06 18:13:26,535 - INFO - Epoch 103 | TrainLoss 0.3110 Acc 67.53% | ValLoss 0.4092 F1 0.5840 Acc 0.59%
2025-11-06 18:13:30,656 - INFO - Epoch 104 | TrainLoss 0.3121 Acc 67.52% | ValLoss 0.4028 F1 0.5937 Acc 0.60%
2025-11-06 18:13:35,076 - INFO - Epoch 105 | TrainLoss 0.3094 Acc 67.31% | ValLoss 0.4071 F1 0.5893 Acc 0.59%
2025-11-06 18:13:39,246 - INFO - Epoch 106 | TrainLoss 0.3108 Acc 67.06% | ValLoss 0.3985 F1 0.5819 Acc 0.60%
2025-11-06 18:13:44,252 - INFO - Epoch 107 | TrainLoss 0.3076 Acc 67.67% | ValLoss 0.3896 F1 0.5947 Acc 0.60%
2025-11-06 18:13:48,402 - INFO - Epoch 108 | TrainLoss 0.3044 Acc 68.10% | ValLoss 0.4008 F1 0.5813 Acc 0.59%
2025-11-06 18:13:52,887 - INFO - Epoch 109 | TrainLoss 0.3051 Acc 68.09% | ValLoss 0.4233 F1 0.5788 Acc 0.58%
2025-11-06 18:13:58,355 - INFO - Epoch 110 | TrainLoss 0.3063 Acc 68.01% | ValLoss 0.4118 F1 0.5983 Acc 0.61%
2025-11-06 18:14:02,593 - INFO - Epoch 111 | TrainLoss 0.3008 Acc 68.69% | ValLoss 0.3995 F1 0.5945 Acc 0.60%
2025-11-06 18:14:08,490 - INFO - Epoch 112 | TrainLoss 0.2992 Acc 68.64% | ValLoss 0.3924 F1 0.6019 Acc 0.60%
2025-11-06 18:14:13,624 - INFO - Epoch 113 | TrainLoss 0.3036 Acc 68.51% | ValLoss 0.3973 F1 0.6065 Acc 0.61%
2025-11-06 18:14:19,193 - INFO - Epoch 114 | TrainLoss 0.3043 Acc 68.29% | ValLoss 0.4119 F1 0.5846 Acc 0.59%
2025-11-06 18:14:23,196 - INFO - Epoch 115 | TrainLoss 0.3080 Acc 67.70% | ValLoss 0.3958 F1 0.5932 Acc 0.60%
2025-11-06 18:14:27,539 - INFO - Epoch 116 | TrainLoss 0.2985 Acc 68.52% | ValLoss 0.4000 F1 0.5908 Acc 0.59%
2025-11-06 18:14:32,181 - INFO - Epoch 117 | TrainLoss 0.2958 Acc 68.84% | ValLoss 0.4004 F1 0.5993 Acc 0.61%
2025-11-06 18:14:36,590 - INFO - Epoch 118 | TrainLoss 0.2959 Acc 68.63% | ValLoss 0.4037 F1 0.5951 Acc 0.60%
2025-11-06 18:14:41,305 - INFO - Epoch 119 | TrainLoss 0.2991 Acc 69.35% | ValLoss 0.4087 F1 0.5864 Acc 0.61%
2025-11-06 18:14:45,949 - INFO - Epoch 120 | TrainLoss 0.2980 Acc 68.72% | ValLoss 0.4086 F1 0.5883 Acc 0.61%
2025-11-06 18:14:51,105 - INFO - Epoch 121 | TrainLoss 0.2952 Acc 69.63% | ValLoss 0.3995 F1 0.6016 Acc 0.62%
2025-11-06 18:14:55,230 - INFO - Epoch 122 | TrainLoss 0.2941 Acc 69.36% | ValLoss 0.4020 F1 0.6036 Acc 0.61%
2025-11-06 18:14:59,325 - INFO - Epoch 123 | TrainLoss 0.2925 Acc 69.35% | ValLoss 0.4094 F1 0.6005 Acc 0.60%
2025-11-06 18:15:04,543 - INFO - Epoch 124 | TrainLoss 0.2932 Acc 68.72% | ValLoss 0.3932 F1 0.6027 Acc 0.61%
2025-11-06 18:15:09,970 - INFO - Epoch 125 | TrainLoss 0.2883 Acc 69.84% | ValLoss 0.3965 F1 0.6046 Acc 0.61%
2025-11-06 18:15:14,449 - INFO - Epoch 126 | TrainLoss 0.2914 Acc 68.98% | ValLoss 0.4077 F1 0.5976 Acc 0.60%
2025-11-06 18:15:18,767 - INFO - Epoch 127 | TrainLoss 0.2874 Acc 70.25% | ValLoss 0.3960 F1 0.6025 Acc 0.61%
2025-11-06 18:15:23,003 - INFO - Epoch 128 | TrainLoss 0.2861 Acc 70.28% | ValLoss 0.3994 F1 0.6081 Acc 0.61%
2025-11-06 18:15:27,464 - INFO - Epoch 129 | TrainLoss 0.2871 Acc 69.94% | ValLoss 0.4036 F1 0.6022 Acc 0.61%
2025-11-06 18:15:31,395 - INFO - Epoch 130 | TrainLoss 0.2910 Acc 69.85% | ValLoss 0.4063 F1 0.5919 Acc 0.59%
2025-11-06 18:15:35,782 - INFO - Epoch 131 | TrainLoss 0.2850 Acc 70.40% | ValLoss 0.4024 F1 0.5973 Acc 0.60%
2025-11-06 18:15:40,335 - INFO - Epoch 132 | TrainLoss 0.2849 Acc 70.20% | ValLoss 0.3898 F1 0.6020 Acc 0.61%
2025-11-06 18:15:45,364 - INFO - Epoch 133 | TrainLoss 0.2854 Acc 69.82% | ValLoss 0.3935 F1 0.6028 Acc 0.60%
2025-11-06 18:15:50,196 - INFO - Epoch 134 | TrainLoss 0.2837 Acc 70.70% | ValLoss 0.4121 F1 0.5936 Acc 0.61%
2025-11-06 18:15:54,700 - INFO - Epoch 135 | TrainLoss 0.2831 Acc 70.41% | ValLoss 0.3984 F1 0.5964 Acc 0.60%
2025-11-06 18:15:59,342 - INFO - Epoch 136 | TrainLoss 0.2830 Acc 70.27% | ValLoss 0.4145 F1 0.5970 Acc 0.60%
2025-11-06 18:16:03,596 - INFO - Epoch 137 | TrainLoss 0.2880 Acc 70.18% | ValLoss 0.4005 F1 0.6028 Acc 0.61%
2025-11-06 18:16:07,653 - INFO - Epoch 138 | TrainLoss 0.2829 Acc 70.79% | ValLoss 0.4061 F1 0.6028 Acc 0.61%
2025-11-06 18:16:13,084 - INFO - Epoch 139 | TrainLoss 0.2762 Acc 71.32% | ValLoss 0.3970 F1 0.5937 Acc 0.60%
2025-11-06 18:16:17,612 - INFO - Epoch 140 | TrainLoss 0.2794 Acc 70.50% | ValLoss 0.3934 F1 0.6141 Acc 0.62%
2025-11-06 18:16:21,579 - INFO - Epoch 141 | TrainLoss 0.2833 Acc 70.06% | ValLoss 0.3987 F1 0.6161 Acc 0.62%
2025-11-06 18:16:25,661 - INFO - Epoch 142 | TrainLoss 0.2815 Acc 70.16% | ValLoss 0.3986 F1 0.6117 Acc 0.61%
2025-11-06 18:16:30,027 - INFO - Epoch 143 | TrainLoss 0.2764 Acc 71.40% | ValLoss 0.3956 F1 0.6142 Acc 0.62%
2025-11-06 18:16:34,705 - INFO - Epoch 144 | TrainLoss 0.2741 Acc 71.88% | ValLoss 0.4000 F1 0.6159 Acc 0.62%
2025-11-06 18:16:38,700 - INFO - Epoch 145 | TrainLoss 0.2748 Acc 71.56% | ValLoss 0.4056 F1 0.6003 Acc 0.61%
2025-11-06 18:16:43,406 - INFO - Epoch 146 | TrainLoss 0.2769 Acc 71.56% | ValLoss 0.4137 F1 0.5984 Acc 0.61%
2025-11-06 18:16:49,084 - INFO - Epoch 147 | TrainLoss 0.2775 Acc 70.74% | ValLoss 0.4009 F1 0.6085 Acc 0.61%
2025-11-06 18:16:53,367 - INFO - Epoch 148 | TrainLoss 0.2805 Acc 70.79% | ValLoss 0.4086 F1 0.5894 Acc 0.60%
2025-11-06 18:16:58,436 - INFO - Epoch 149 | TrainLoss 0.2737 Acc 71.00% | ValLoss 0.4086 F1 0.6001 Acc 0.61%
2025-11-06 18:17:03,221 - INFO - Epoch 150 | TrainLoss 0.2708 Acc 72.01% | ValLoss 0.3959 F1 0.6107 Acc 0.61%
2025-11-06 18:17:07,707 - INFO - Epoch 151 | TrainLoss 0.2744 Acc 71.32% | ValLoss 0.4237 F1 0.6082 Acc 0.62%
2025-11-06 18:17:12,378 - INFO - Epoch 152 | TrainLoss 0.2711 Acc 71.70% | ValLoss 0.4002 F1 0.6089 Acc 0.61%
2025-11-06 18:17:17,093 - INFO - Epoch 153 | TrainLoss 0.2668 Acc 72.62% | ValLoss 0.4099 F1 0.6048 Acc 0.61%
2025-11-06 18:17:21,466 - INFO - Epoch 154 | TrainLoss 0.2716 Acc 71.35% | ValLoss 0.4054 F1 0.6041 Acc 0.62%
2025-11-06 18:17:26,589 - INFO - Epoch 155 | TrainLoss 0.2718 Acc 71.90% | ValLoss 0.3956 F1 0.6149 Acc 0.61%
2025-11-06 18:17:31,082 - INFO - Epoch 156 | TrainLoss 0.2705 Acc 72.21% | ValLoss 0.4011 F1 0.6000 Acc 0.61%
2025-11-06 18:17:31,082 - INFO - Early stopping.
2025-11-06 18:17:31,083 - INFO - 
>>> HEAD ATTN  AVG F1 = 0.6080
2025-11-06 18:17:32,111 - INFO - 
===== HEAD: TRANSFORMER =====
2025-11-06 18:17:32,129 - INFO - 
Fold 1/3
2025-11-06 18:17:43,440 - INFO - Epoch 001 | TrainLoss 0.6769 Acc 43.06% | ValLoss 0.5390 F1 0.2966 Acc 0.46%
2025-11-06 18:17:48,311 - INFO - Epoch 002 | TrainLoss 0.5242 Acc 46.18% | ValLoss 0.5007 F1 0.4454 Acc 0.44%
2025-11-06 18:17:52,593 - INFO - Epoch 003 | TrainLoss 0.5091 Acc 46.55% | ValLoss 0.5074 F1 0.3624 Acc 0.47%
2025-11-06 18:17:56,754 - INFO - Epoch 004 | TrainLoss 0.4917 Acc 49.17% | ValLoss 0.4955 F1 0.4039 Acc 0.48%
2025-11-06 18:18:01,061 - INFO - Epoch 005 | TrainLoss 0.4869 Acc 49.69% | ValLoss 0.4766 F1 0.3990 Acc 0.50%
2025-11-06 18:18:05,773 - INFO - Epoch 006 | TrainLoss 0.4743 Acc 51.30% | ValLoss 0.5036 F1 0.4267 Acc 0.50%
2025-11-06 18:18:11,707 - INFO - Epoch 007 | TrainLoss 0.4668 Acc 51.95% | ValLoss 0.4666 F1 0.4459 Acc 0.50%
2025-11-06 18:18:17,970 - INFO - Epoch 008 | TrainLoss 0.4602 Acc 52.25% | ValLoss 0.4595 F1 0.4432 Acc 0.51%
2025-11-06 18:18:22,413 - INFO - Epoch 009 | TrainLoss 0.4567 Acc 52.35% | ValLoss 0.4576 F1 0.4632 Acc 0.51%
2025-11-06 18:18:27,620 - INFO - Epoch 010 | TrainLoss 0.4531 Acc 52.76% | ValLoss 0.4568 F1 0.4652 Acc 0.51%
2025-11-06 18:18:32,139 - INFO - Epoch 011 | TrainLoss 0.4503 Acc 53.49% | ValLoss 0.4507 F1 0.4823 Acc 0.51%
2025-11-06 18:18:36,538 - INFO - Epoch 012 | TrainLoss 0.4481 Acc 52.97% | ValLoss 0.4452 F1 0.4839 Acc 0.52%
2025-11-06 18:18:41,602 - INFO - Epoch 013 | TrainLoss 0.4424 Acc 53.95% | ValLoss 0.4506 F1 0.4481 Acc 0.52%
2025-11-06 18:18:45,871 - INFO - Epoch 014 | TrainLoss 0.4388 Acc 54.02% | ValLoss 0.4514 F1 0.4450 Acc 0.51%
2025-11-06 18:18:50,388 - INFO - Epoch 015 | TrainLoss 0.4415 Acc 54.17% | ValLoss 0.4423 F1 0.4798 Acc 0.52%
2025-11-06 18:18:54,810 - INFO - Epoch 016 | TrainLoss 0.4350 Acc 54.70% | ValLoss 0.4405 F1 0.4852 Acc 0.52%
2025-11-06 18:18:59,205 - INFO - Epoch 017 | TrainLoss 0.4321 Acc 54.64% | ValLoss 0.4381 F1 0.4707 Acc 0.52%
2025-11-06 18:19:04,104 - INFO - Epoch 018 | TrainLoss 0.4294 Acc 54.73% | ValLoss 0.4460 F1 0.4844 Acc 0.52%
2025-11-06 18:19:08,488 - INFO - Epoch 019 | TrainLoss 0.4268 Acc 55.47% | ValLoss 0.4467 F1 0.5084 Acc 0.52%
2025-11-06 18:19:12,632 - INFO - Epoch 020 | TrainLoss 0.4244 Acc 55.61% | ValLoss 0.4385 F1 0.4913 Acc 0.53%
2025-11-06 18:19:16,717 - INFO - Epoch 021 | TrainLoss 0.4213 Acc 56.03% | ValLoss 0.4362 F1 0.5046 Acc 0.52%
2025-11-06 18:19:20,748 - INFO - Epoch 022 | TrainLoss 0.4176 Acc 56.44% | ValLoss 0.4465 F1 0.4959 Acc 0.53%
2025-11-06 18:19:25,057 - INFO - Epoch 023 | TrainLoss 0.4163 Acc 56.36% | ValLoss 0.4356 F1 0.5017 Acc 0.53%
2025-11-06 18:19:29,270 - INFO - Epoch 024 | TrainLoss 0.4167 Acc 56.68% | ValLoss 0.4360 F1 0.5121 Acc 0.53%
2025-11-06 18:19:33,513 - INFO - Epoch 025 | TrainLoss 0.4079 Acc 57.40% | ValLoss 0.4486 F1 0.4633 Acc 0.53%
2025-11-06 18:19:38,132 - INFO - Epoch 026 | TrainLoss 0.4069 Acc 57.29% | ValLoss 0.4457 F1 0.4996 Acc 0.54%
2025-11-06 18:19:42,660 - INFO - Epoch 027 | TrainLoss 0.4103 Acc 57.28% | ValLoss 0.4413 F1 0.4740 Acc 0.54%
2025-11-06 18:19:47,136 - INFO - Epoch 028 | TrainLoss 0.4033 Acc 58.42% | ValLoss 0.4301 F1 0.5190 Acc 0.55%
2025-11-06 18:19:51,514 - INFO - Epoch 029 | TrainLoss 0.3984 Acc 58.49% | ValLoss 0.4483 F1 0.5331 Acc 0.54%
2025-11-06 18:19:55,831 - INFO - Epoch 030 | TrainLoss 0.3998 Acc 58.26% | ValLoss 0.4267 F1 0.5391 Acc 0.55%
2025-11-06 18:20:00,445 - INFO - Epoch 031 | TrainLoss 0.3956 Acc 58.76% | ValLoss 0.4284 F1 0.5361 Acc 0.55%
2025-11-06 18:20:05,122 - INFO - Epoch 032 | TrainLoss 0.3939 Acc 58.74% | ValLoss 0.4324 F1 0.5381 Acc 0.55%
2025-11-06 18:20:09,905 - INFO - Epoch 033 | TrainLoss 0.3942 Acc 58.99% | ValLoss 0.4205 F1 0.5380 Acc 0.55%
2025-11-06 18:20:14,636 - INFO - Epoch 034 | TrainLoss 0.3852 Acc 59.85% | ValLoss 0.4136 F1 0.5495 Acc 0.56%
2025-11-06 18:20:19,348 - INFO - Epoch 035 | TrainLoss 0.3851 Acc 60.00% | ValLoss 0.4270 F1 0.5502 Acc 0.55%
2025-11-06 18:20:24,774 - INFO - Epoch 036 | TrainLoss 0.3828 Acc 60.14% | ValLoss 0.4358 F1 0.5447 Acc 0.56%
2025-11-06 18:20:31,332 - INFO - Epoch 037 | TrainLoss 0.3793 Acc 60.64% | ValLoss 0.4533 F1 0.5179 Acc 0.54%
2025-11-06 18:20:35,581 - INFO - Epoch 038 | TrainLoss 0.3779 Acc 60.45% | ValLoss 0.4317 F1 0.5254 Acc 0.56%
2025-11-06 18:20:40,205 - INFO - Epoch 039 | TrainLoss 0.3759 Acc 60.58% | ValLoss 0.4305 F1 0.5131 Acc 0.55%
2025-11-06 18:20:46,066 - INFO - Epoch 040 | TrainLoss 0.3765 Acc 60.42% | ValLoss 0.4167 F1 0.5347 Acc 0.56%
2025-11-06 18:20:51,863 - INFO - Epoch 041 | TrainLoss 0.3701 Acc 61.06% | ValLoss 0.4411 F1 0.5289 Acc 0.54%
2025-11-06 18:20:57,216 - INFO - Epoch 042 | TrainLoss 0.3669 Acc 61.65% | ValLoss 0.4112 F1 0.5395 Acc 0.56%
2025-11-06 18:21:03,410 - INFO - Epoch 043 | TrainLoss 0.3708 Acc 61.79% | ValLoss 0.4245 F1 0.5553 Acc 0.57%
